[2025-07-28T12:40:31.765+0000] {taskinstance.py:1956} INFO - Dependencies all met for dep_context=non-requeueable deps ti=<TaskInstance: dbt_pipeline.dbt_build_supplier_mart scheduled__2025-07-27T00:00:00+00:00 [queued]>
[2025-07-28T12:40:31.771+0000] {taskinstance.py:1956} INFO - Dependencies all met for dep_context=requeueable deps ti=<TaskInstance: dbt_pipeline.dbt_build_supplier_mart scheduled__2025-07-27T00:00:00+00:00 [queued]>
[2025-07-28T12:40:31.771+0000] {taskinstance.py:2170} INFO - Starting attempt 1 of 2
[2025-07-28T12:40:31.777+0000] {taskinstance.py:2191} INFO - Executing <Task(BashOperator): dbt_build_supplier_mart> on 2025-07-27 00:00:00+00:00
[2025-07-28T12:40:31.780+0000] {standard_task_runner.py:60} INFO - Started process 437 to run task
[2025-07-28T12:40:31.782+0000] {standard_task_runner.py:87} INFO - Running: ['***', 'tasks', 'run', 'dbt_pipeline', 'dbt_build_supplier_mart', 'scheduled__2025-07-27T00:00:00+00:00', '--job-id', '35', '--raw', '--subdir', 'DAGS_FOLDER/dbt_pipeline.py', '--cfg-path', '/tmp/tmppfx34x8o']
[2025-07-28T12:40:31.783+0000] {standard_task_runner.py:88} INFO - Job 35: Subtask dbt_build_supplier_mart
[2025-07-28T12:40:31.791+0000] {warnings.py:109} WARNING - /home/***/.local/lib/python3.8/site-packages/***/settings.py:194: DeprecationWarning: The sql_alchemy_conn option in [core] has been moved to the sql_alchemy_conn option in [database] - the old setting has been used, but please update your config.
  SQL_ALCHEMY_CONN = conf.get("database", "SQL_ALCHEMY_CONN")

[2025-07-28T12:40:31.807+0000] {task_command.py:423} INFO - Running <TaskInstance: dbt_pipeline.dbt_build_supplier_mart scheduled__2025-07-27T00:00:00+00:00 [running]> on host 26b399183f28
[2025-07-28T12:40:31.839+0000] {taskinstance.py:2480} INFO - Exporting env vars: AIRFLOW_CTX_DAG_OWNER='gotphoto' AIRFLOW_CTX_DAG_ID='dbt_pipeline' AIRFLOW_CTX_TASK_ID='dbt_build_supplier_mart' AIRFLOW_CTX_EXECUTION_DATE='2025-07-27T00:00:00+00:00' AIRFLOW_CTX_TRY_NUMBER='1' AIRFLOW_CTX_DAG_RUN_ID='scheduled__2025-07-27T00:00:00+00:00'
[2025-07-28T12:40:31.841+0000] {subprocess.py:63} INFO - Tmp dir root location: /tmp
[2025-07-28T12:40:31.841+0000] {subprocess.py:75} INFO - Running command: ['/usr/bin/bash', '-c', 'cd /opt/***/dbt_project && dbt build --select marts.supplier_analytics --project-dir . --profiles-dir profiles']
[2025-07-28T12:40:31.847+0000] {subprocess.py:86} INFO - Output:
[2025-07-28T12:41:18.843+0000] {subprocess.py:93} INFO - [0m12:41:18  Running with dbt=1.8.7
[2025-07-28T12:41:19.457+0000] {subprocess.py:93} INFO - [0m12:41:19  Registered adapter: snowflake=1.8.4
[2025-07-28T12:41:19.982+0000] {subprocess.py:93} INFO - [0m12:41:19  Found 27 models, 124 data tests, 8 sources, 569 macros
[2025-07-28T12:41:19.985+0000] {subprocess.py:93} INFO - [0m12:41:19
[2025-07-28T12:41:23.643+0000] {subprocess.py:93} INFO - [0m12:41:23  Concurrency: 1 threads (target='dev')
[2025-07-28T12:41:23.645+0000] {subprocess.py:93} INFO - [0m12:41:23
[2025-07-28T12:41:23.647+0000] {subprocess.py:93} INFO - [0m12:41:23  1 of 12 START sql table model SUPPLIER_ANALYTICS_MART.fact_supplier_performance  [RUN]
[2025-07-28T12:41:55.455+0000] {subprocess.py:93} INFO - [0m12:41:55  1 of 12 OK created sql table model SUPPLIER_ANALYTICS_MART.fact_supplier_performance  [[32mSUCCESS 1[0m in 31.67s]
[2025-07-28T12:41:55.495+0000] {subprocess.py:93} INFO - [0m12:41:55  2 of 12 START sql table model SUPPLIER_ANALYTICS_MART.fact_supplier_summary .... [RUN]
[2025-07-28T12:42:05.417+0000] {subprocess.py:93} INFO - [0m12:42:05  2 of 12 OK created sql table model SUPPLIER_ANALYTICS_MART.fact_supplier_summary  [[32mSUCCESS 1[0m in 9.91s]
[2025-07-28T12:42:05.422+0000] {subprocess.py:93} INFO - [0m12:42:05  3 of 12 START test dbt_utils_unique_combination_of_columns_fact_supplier_performance_supplier_key__order_key__line_number  [RUN]
[2025-07-28T12:42:07.693+0000] {subprocess.py:93} INFO - [0m12:42:07  3 of 12 PASS dbt_utils_unique_combination_of_columns_fact_supplier_performance_supplier_key__order_key__line_number  [[32mPASS[0m in 2.27s]
[2025-07-28T12:42:07.695+0000] {subprocess.py:93} INFO - [0m12:42:07  4 of 12 START test not_null_fact_supplier_performance_line_number .............. [RUN]
[2025-07-28T12:42:08.335+0000] {subprocess.py:93} INFO - [0m12:42:08  4 of 12 PASS not_null_fact_supplier_performance_line_number .................... [[32mPASS[0m in 0.64s]
[2025-07-28T12:42:08.339+0000] {subprocess.py:93} INFO - [0m12:42:08  5 of 12 START test not_null_fact_supplier_performance_order_key ................ [RUN]
[2025-07-28T12:42:09.363+0000] {subprocess.py:93} INFO - [0m12:42:09  5 of 12 PASS not_null_fact_supplier_performance_order_key ...................... [[32mPASS[0m in 1.02s]
[2025-07-28T12:42:09.365+0000] {subprocess.py:93} INFO - [0m12:42:09  6 of 12 START test not_null_fact_supplier_performance_supplier_key ............. [RUN]
[2025-07-28T12:42:10.287+0000] {subprocess.py:93} INFO - [0m12:42:10  6 of 12 PASS not_null_fact_supplier_performance_supplier_key ................... [[32mPASS[0m in 0.91s]
[2025-07-28T12:42:10.302+0000] {subprocess.py:93} INFO - [0m12:42:10  7 of 12 START test not_null_fact_supplier_performance_supplier_performance_fact_key  [RUN]
[2025-07-28T12:42:12.008+0000] {subprocess.py:93} INFO - [0m12:42:12  7 of 12 PASS not_null_fact_supplier_performance_supplier_performance_fact_key .. [[32mPASS[0m in 1.70s]
[2025-07-28T12:42:12.012+0000] {subprocess.py:93} INFO - [0m12:42:12  8 of 12 START test unique_fact_supplier_performance_supplier_performance_fact_key  [RUN]
[2025-07-28T12:42:12.990+0000] {subprocess.py:93} INFO - [0m12:42:12  8 of 12 PASS unique_fact_supplier_performance_supplier_performance_fact_key .... [[32mPASS[0m in 0.98s]
[2025-07-28T12:42:12.992+0000] {subprocess.py:93} INFO - [0m12:42:12  9 of 12 START test not_null_fact_supplier_summary_supplier_key ................. [RUN]
[2025-07-28T12:42:14.222+0000] {subprocess.py:93} INFO - [0m12:42:14  9 of 12 PASS not_null_fact_supplier_summary_supplier_key ....................... [[32mPASS[0m in 1.23s]
[2025-07-28T12:42:14.224+0000] {subprocess.py:93} INFO - [0m12:42:14  10 of 12 START test not_null_fact_supplier_summary_supplier_summary_fact_key ... [RUN]
[2025-07-28T12:42:16.006+0000] {subprocess.py:93} INFO - [0m12:42:16  10 of 12 PASS not_null_fact_supplier_summary_supplier_summary_fact_key ......... [[32mPASS[0m in 1.78s]
[2025-07-28T12:42:16.007+0000] {subprocess.py:93} INFO - [0m12:42:16  11 of 12 START test unique_fact_supplier_summary_supplier_key .................. [RUN]
[2025-07-28T12:42:16.907+0000] {subprocess.py:93} INFO - [0m12:42:16  11 of 12 PASS unique_fact_supplier_summary_supplier_key ........................ [[32mPASS[0m in 0.90s]
[2025-07-28T12:42:16.912+0000] {subprocess.py:93} INFO - [0m12:42:16  12 of 12 START test unique_fact_supplier_summary_supplier_summary_fact_key ..... [RUN]
[2025-07-28T12:42:17.578+0000] {subprocess.py:93} INFO - [0m12:42:17  12 of 12 PASS unique_fact_supplier_summary_supplier_summary_fact_key ........... [[32mPASS[0m in 0.66s]
[2025-07-28T12:42:17.582+0000] {subprocess.py:93} INFO - [0m12:42:17
[2025-07-28T12:42:17.583+0000] {subprocess.py:93} INFO - [0m12:42:17  Finished running 2 table models, 10 data tests in 0 hours 0 minutes and 57.60 seconds (57.60s).
[2025-07-28T12:42:17.658+0000] {subprocess.py:93} INFO - [0m12:42:17
[2025-07-28T12:42:17.668+0000] {subprocess.py:93} INFO - [0m12:42:17  [32mCompleted successfully[0m
[2025-07-28T12:42:17.668+0000] {subprocess.py:93} INFO - [0m12:42:17
[2025-07-28T12:42:17.669+0000] {subprocess.py:93} INFO - [0m12:42:17  Done. PASS=12 WARN=0 ERROR=0 SKIP=0 TOTAL=12
[2025-07-28T12:42:18.701+0000] {subprocess.py:97} INFO - Command exited with return code 0
[2025-07-28T12:42:18.733+0000] {taskinstance.py:1138} INFO - Marking task as SUCCESS. dag_id=dbt_pipeline, task_id=dbt_build_supplier_mart, execution_date=20250727T000000, start_date=20250728T124031, end_date=20250728T124218
[2025-07-28T12:42:18.763+0000] {local_task_job_runner.py:234} INFO - Task exited with return code 0
[2025-07-28T12:42:18.772+0000] {taskinstance.py:3280} INFO - 0 downstream tasks scheduled from follow-on schedule check
