[2025-07-28T11:52:37.083+0000] {processor.py:161} INFO - Started process (PID=39) to work on /opt/airflow/dags/example_dag.py
[2025-07-28T11:52:37.086+0000] {processor.py:830} INFO - Processing file /opt/airflow/dags/example_dag.py for tasks to queue
[2025-07-28T11:52:37.096+0000] {logging_mixin.py:188} INFO - [2025-07-28T11:52:37.096+0000] {dagbag.py:538} INFO - Filling up the DagBag from /opt/airflow/dags/example_dag.py
[2025-07-28T11:52:37.176+0000] {processor.py:840} INFO - DAG(s) 'gotphoto_data_pipeline' retrieved from /opt/airflow/dags/example_dag.py
[2025-07-28T11:52:37.192+0000] {logging_mixin.py:188} INFO - [2025-07-28T11:52:37.192+0000] {dag.py:3036} INFO - Sync 1 DAGs
[2025-07-28T11:52:37.207+0000] {logging_mixin.py:188} INFO - [2025-07-28T11:52:37.207+0000] {dag.py:3823} INFO - Setting next_dagrun for gotphoto_data_pipeline to 2025-07-27 00:00:00+00:00, run_after=2025-07-28 00:00:00+00:00
[2025-07-28T11:52:37.237+0000] {processor.py:183} INFO - Processing /opt/airflow/dags/example_dag.py took 0.157 seconds
[2025-07-28T11:53:07.288+0000] {processor.py:161} INFO - Started process (PID=64) to work on /opt/airflow/dags/example_dag.py
[2025-07-28T11:53:07.288+0000] {processor.py:830} INFO - Processing file /opt/airflow/dags/example_dag.py for tasks to queue
[2025-07-28T11:53:07.291+0000] {logging_mixin.py:188} INFO - [2025-07-28T11:53:07.290+0000] {dagbag.py:538} INFO - Filling up the DagBag from /opt/airflow/dags/example_dag.py
[2025-07-28T11:53:07.315+0000] {processor.py:840} INFO - DAG(s) 'gotphoto_data_pipeline' retrieved from /opt/airflow/dags/example_dag.py
[2025-07-28T11:53:07.325+0000] {logging_mixin.py:188} INFO - [2025-07-28T11:53:07.325+0000] {dag.py:3036} INFO - Sync 1 DAGs
[2025-07-28T11:53:07.388+0000] {logging_mixin.py:188} INFO - [2025-07-28T11:53:07.388+0000] {dag.py:3823} INFO - Setting next_dagrun for gotphoto_data_pipeline to 2025-07-27 00:00:00+00:00, run_after=2025-07-28 00:00:00+00:00
[2025-07-28T11:53:07.402+0000] {processor.py:183} INFO - Processing /opt/airflow/dags/example_dag.py took 0.120 seconds
[2025-07-28T11:53:37.544+0000] {processor.py:161} INFO - Started process (PID=89) to work on /opt/airflow/dags/example_dag.py
[2025-07-28T11:53:37.545+0000] {processor.py:830} INFO - Processing file /opt/airflow/dags/example_dag.py for tasks to queue
[2025-07-28T11:53:37.548+0000] {logging_mixin.py:188} INFO - [2025-07-28T11:53:37.548+0000] {dagbag.py:538} INFO - Filling up the DagBag from /opt/airflow/dags/example_dag.py
[2025-07-28T11:53:37.561+0000] {processor.py:840} INFO - DAG(s) 'gotphoto_data_pipeline' retrieved from /opt/airflow/dags/example_dag.py
[2025-07-28T11:53:37.568+0000] {logging_mixin.py:188} INFO - [2025-07-28T11:53:37.568+0000] {dag.py:3036} INFO - Sync 1 DAGs
[2025-07-28T11:53:37.582+0000] {logging_mixin.py:188} INFO - [2025-07-28T11:53:37.582+0000] {dag.py:3823} INFO - Setting next_dagrun for gotphoto_data_pipeline to 2025-07-27 00:00:00+00:00, run_after=2025-07-28 00:00:00+00:00
[2025-07-28T11:53:37.592+0000] {processor.py:183} INFO - Processing /opt/airflow/dags/example_dag.py took 0.051 seconds
[2025-07-28T11:54:07.739+0000] {processor.py:161} INFO - Started process (PID=106) to work on /opt/airflow/dags/example_dag.py
[2025-07-28T11:54:07.740+0000] {processor.py:830} INFO - Processing file /opt/airflow/dags/example_dag.py for tasks to queue
[2025-07-28T11:54:07.741+0000] {logging_mixin.py:188} INFO - [2025-07-28T11:54:07.740+0000] {dagbag.py:538} INFO - Filling up the DagBag from /opt/airflow/dags/example_dag.py
[2025-07-28T11:54:07.753+0000] {processor.py:840} INFO - DAG(s) 'gotphoto_data_pipeline' retrieved from /opt/airflow/dags/example_dag.py
[2025-07-28T11:54:07.764+0000] {logging_mixin.py:188} INFO - [2025-07-28T11:54:07.764+0000] {dag.py:3036} INFO - Sync 1 DAGs
[2025-07-28T11:54:07.777+0000] {logging_mixin.py:188} INFO - [2025-07-28T11:54:07.777+0000] {dag.py:3823} INFO - Setting next_dagrun for gotphoto_data_pipeline to 2025-07-27 00:00:00+00:00, run_after=2025-07-28 00:00:00+00:00
[2025-07-28T11:54:07.787+0000] {processor.py:183} INFO - Processing /opt/airflow/dags/example_dag.py took 0.050 seconds
[2025-07-28T11:54:37.919+0000] {processor.py:161} INFO - Started process (PID=131) to work on /opt/airflow/dags/example_dag.py
[2025-07-28T11:54:37.920+0000] {processor.py:830} INFO - Processing file /opt/airflow/dags/example_dag.py for tasks to queue
[2025-07-28T11:54:37.921+0000] {logging_mixin.py:188} INFO - [2025-07-28T11:54:37.921+0000] {dagbag.py:538} INFO - Filling up the DagBag from /opt/airflow/dags/example_dag.py
[2025-07-28T11:54:37.929+0000] {processor.py:840} INFO - DAG(s) 'gotphoto_data_pipeline' retrieved from /opt/airflow/dags/example_dag.py
[2025-07-28T11:54:38.071+0000] {logging_mixin.py:188} INFO - [2025-07-28T11:54:38.071+0000] {dag.py:3036} INFO - Sync 1 DAGs
[2025-07-28T11:54:38.078+0000] {logging_mixin.py:188} INFO - [2025-07-28T11:54:38.078+0000] {dag.py:3823} INFO - Setting next_dagrun for gotphoto_data_pipeline to 2025-07-27 00:00:00+00:00, run_after=2025-07-28 00:00:00+00:00
[2025-07-28T11:54:38.085+0000] {processor.py:183} INFO - Processing /opt/airflow/dags/example_dag.py took 0.168 seconds
[2025-07-28T11:55:08.151+0000] {processor.py:161} INFO - Started process (PID=156) to work on /opt/airflow/dags/example_dag.py
[2025-07-28T11:55:08.152+0000] {processor.py:830} INFO - Processing file /opt/airflow/dags/example_dag.py for tasks to queue
[2025-07-28T11:55:08.154+0000] {logging_mixin.py:188} INFO - [2025-07-28T11:55:08.153+0000] {dagbag.py:538} INFO - Filling up the DagBag from /opt/airflow/dags/example_dag.py
[2025-07-28T11:55:08.168+0000] {processor.py:840} INFO - DAG(s) 'gotphoto_data_pipeline' retrieved from /opt/airflow/dags/example_dag.py
[2025-07-28T11:55:08.186+0000] {logging_mixin.py:188} INFO - [2025-07-28T11:55:08.186+0000] {dag.py:3036} INFO - Sync 1 DAGs
[2025-07-28T11:55:08.196+0000] {logging_mixin.py:188} INFO - [2025-07-28T11:55:08.195+0000] {dag.py:3823} INFO - Setting next_dagrun for gotphoto_data_pipeline to 2025-07-27 00:00:00+00:00, run_after=2025-07-28 00:00:00+00:00
[2025-07-28T11:55:08.203+0000] {processor.py:183} INFO - Processing /opt/airflow/dags/example_dag.py took 0.056 seconds
[2025-07-28T11:55:38.326+0000] {processor.py:161} INFO - Started process (PID=173) to work on /opt/airflow/dags/example_dag.py
[2025-07-28T11:55:38.327+0000] {processor.py:830} INFO - Processing file /opt/airflow/dags/example_dag.py for tasks to queue
[2025-07-28T11:55:38.328+0000] {logging_mixin.py:188} INFO - [2025-07-28T11:55:38.328+0000] {dagbag.py:538} INFO - Filling up the DagBag from /opt/airflow/dags/example_dag.py
[2025-07-28T11:55:38.339+0000] {processor.py:840} INFO - DAG(s) 'gotphoto_data_pipeline' retrieved from /opt/airflow/dags/example_dag.py
[2025-07-28T11:55:38.360+0000] {logging_mixin.py:188} INFO - [2025-07-28T11:55:38.360+0000] {dag.py:3036} INFO - Sync 1 DAGs
[2025-07-28T11:55:38.371+0000] {logging_mixin.py:188} INFO - [2025-07-28T11:55:38.371+0000] {dag.py:3823} INFO - Setting next_dagrun for gotphoto_data_pipeline to 2025-07-27 00:00:00+00:00, run_after=2025-07-28 00:00:00+00:00
[2025-07-28T11:55:38.380+0000] {processor.py:183} INFO - Processing /opt/airflow/dags/example_dag.py took 0.057 seconds
[2025-07-28T11:56:08.592+0000] {processor.py:161} INFO - Started process (PID=198) to work on /opt/airflow/dags/example_dag.py
[2025-07-28T11:56:08.593+0000] {processor.py:830} INFO - Processing file /opt/airflow/dags/example_dag.py for tasks to queue
[2025-07-28T11:56:08.594+0000] {logging_mixin.py:188} INFO - [2025-07-28T11:56:08.594+0000] {dagbag.py:538} INFO - Filling up the DagBag from /opt/airflow/dags/example_dag.py
[2025-07-28T11:56:08.606+0000] {processor.py:840} INFO - DAG(s) 'gotphoto_data_pipeline' retrieved from /opt/airflow/dags/example_dag.py
[2025-07-28T11:56:08.624+0000] {logging_mixin.py:188} INFO - [2025-07-28T11:56:08.624+0000] {dag.py:3036} INFO - Sync 1 DAGs
[2025-07-28T11:56:08.635+0000] {logging_mixin.py:188} INFO - [2025-07-28T11:56:08.635+0000] {dag.py:3823} INFO - Setting next_dagrun for gotphoto_data_pipeline to 2025-07-27 00:00:00+00:00, run_after=2025-07-28 00:00:00+00:00
[2025-07-28T11:56:08.643+0000] {processor.py:183} INFO - Processing /opt/airflow/dags/example_dag.py took 0.054 seconds
[2025-07-28T11:56:38.770+0000] {processor.py:161} INFO - Started process (PID=223) to work on /opt/airflow/dags/example_dag.py
[2025-07-28T11:56:38.771+0000] {processor.py:830} INFO - Processing file /opt/airflow/dags/example_dag.py for tasks to queue
[2025-07-28T11:56:38.772+0000] {logging_mixin.py:188} INFO - [2025-07-28T11:56:38.772+0000] {dagbag.py:538} INFO - Filling up the DagBag from /opt/airflow/dags/example_dag.py
[2025-07-28T11:56:38.782+0000] {processor.py:840} INFO - DAG(s) 'gotphoto_data_pipeline' retrieved from /opt/airflow/dags/example_dag.py
[2025-07-28T11:56:38.802+0000] {logging_mixin.py:188} INFO - [2025-07-28T11:56:38.802+0000] {dag.py:3036} INFO - Sync 1 DAGs
[2025-07-28T11:56:38.814+0000] {logging_mixin.py:188} INFO - [2025-07-28T11:56:38.814+0000] {dag.py:3823} INFO - Setting next_dagrun for gotphoto_data_pipeline to 2025-07-27 00:00:00+00:00, run_after=2025-07-28 00:00:00+00:00
[2025-07-28T11:56:38.824+0000] {processor.py:183} INFO - Processing /opt/airflow/dags/example_dag.py took 0.057 seconds
[2025-07-28T11:57:08.983+0000] {processor.py:161} INFO - Started process (PID=248) to work on /opt/airflow/dags/example_dag.py
[2025-07-28T11:57:08.984+0000] {processor.py:830} INFO - Processing file /opt/airflow/dags/example_dag.py for tasks to queue
[2025-07-28T11:57:08.987+0000] {logging_mixin.py:188} INFO - [2025-07-28T11:57:08.987+0000] {dagbag.py:538} INFO - Filling up the DagBag from /opt/airflow/dags/example_dag.py
[2025-07-28T11:57:08.995+0000] {processor.py:840} INFO - DAG(s) 'gotphoto_data_pipeline' retrieved from /opt/airflow/dags/example_dag.py
[2025-07-28T11:57:09.010+0000] {logging_mixin.py:188} INFO - [2025-07-28T11:57:09.010+0000] {dag.py:3036} INFO - Sync 1 DAGs
[2025-07-28T11:57:09.022+0000] {logging_mixin.py:188} INFO - [2025-07-28T11:57:09.022+0000] {dag.py:3823} INFO - Setting next_dagrun for gotphoto_data_pipeline to 2025-07-27 00:00:00+00:00, run_after=2025-07-28 00:00:00+00:00
[2025-07-28T11:57:09.030+0000] {processor.py:183} INFO - Processing /opt/airflow/dags/example_dag.py took 0.050 seconds
[2025-07-28T11:57:39.216+0000] {processor.py:161} INFO - Started process (PID=265) to work on /opt/airflow/dags/example_dag.py
[2025-07-28T11:57:39.217+0000] {processor.py:830} INFO - Processing file /opt/airflow/dags/example_dag.py for tasks to queue
[2025-07-28T11:57:39.217+0000] {logging_mixin.py:188} INFO - [2025-07-28T11:57:39.217+0000] {dagbag.py:538} INFO - Filling up the DagBag from /opt/airflow/dags/example_dag.py
[2025-07-28T11:57:39.223+0000] {processor.py:840} INFO - DAG(s) 'gotphoto_data_pipeline' retrieved from /opt/airflow/dags/example_dag.py
[2025-07-28T11:57:39.235+0000] {logging_mixin.py:188} INFO - [2025-07-28T11:57:39.235+0000] {dag.py:3036} INFO - Sync 1 DAGs
[2025-07-28T11:57:39.244+0000] {logging_mixin.py:188} INFO - [2025-07-28T11:57:39.244+0000] {dag.py:3823} INFO - Setting next_dagrun for gotphoto_data_pipeline to 2025-07-27 00:00:00+00:00, run_after=2025-07-28 00:00:00+00:00
[2025-07-28T11:57:39.252+0000] {processor.py:183} INFO - Processing /opt/airflow/dags/example_dag.py took 0.038 seconds
