[2025-07-28T12:44:40.127+0000] {taskinstance.py:1956} INFO - Dependencies all met for dep_context=non-requeueable deps ti=<TaskInstance: dbt_pipeline.dbt_compile manual__2025-07-28T12:44:30.180992+00:00 [queued]>
[2025-07-28T12:44:40.132+0000] {taskinstance.py:1956} INFO - Dependencies all met for dep_context=requeueable deps ti=<TaskInstance: dbt_pipeline.dbt_compile manual__2025-07-28T12:44:30.180992+00:00 [queued]>
[2025-07-28T12:44:40.132+0000] {taskinstance.py:2170} INFO - Starting attempt 1 of 2
[2025-07-28T12:44:40.138+0000] {taskinstance.py:2191} INFO - Executing <Task(BashOperator): dbt_compile> on 2025-07-28 12:44:30.180992+00:00
[2025-07-28T12:44:40.140+0000] {standard_task_runner.py:60} INFO - Started process 111 to run task
[2025-07-28T12:44:40.142+0000] {standard_task_runner.py:87} INFO - Running: ['***', 'tasks', 'run', 'dbt_pipeline', 'dbt_compile', 'manual__2025-07-28T12:44:30.180992+00:00', '--job-id', '40', '--raw', '--subdir', 'DAGS_FOLDER/dbt_pipeline.py', '--cfg-path', '/tmp/tmpgghhm11y']
[2025-07-28T12:44:40.143+0000] {standard_task_runner.py:88} INFO - Job 40: Subtask dbt_compile
[2025-07-28T12:44:40.149+0000] {warnings.py:109} WARNING - /home/***/.local/lib/python3.8/site-packages/***/settings.py:194: DeprecationWarning: The sql_alchemy_conn option in [core] has been moved to the sql_alchemy_conn option in [database] - the old setting has been used, but please update your config.
  SQL_ALCHEMY_CONN = conf.get("database", "SQL_ALCHEMY_CONN")

[2025-07-28T12:44:40.167+0000] {task_command.py:423} INFO - Running <TaskInstance: dbt_pipeline.dbt_compile manual__2025-07-28T12:44:30.180992+00:00 [running]> on host 6ed405011aee
[2025-07-28T12:44:40.202+0000] {taskinstance.py:2480} INFO - Exporting env vars: AIRFLOW_CTX_DAG_OWNER='gotphoto' AIRFLOW_CTX_DAG_ID='dbt_pipeline' AIRFLOW_CTX_TASK_ID='dbt_compile' AIRFLOW_CTX_EXECUTION_DATE='2025-07-28T12:44:30.180992+00:00' AIRFLOW_CTX_TRY_NUMBER='1' AIRFLOW_CTX_DAG_RUN_ID='manual__2025-07-28T12:44:30.180992+00:00'
[2025-07-28T12:44:40.203+0000] {subprocess.py:63} INFO - Tmp dir root location: /tmp
[2025-07-28T12:44:40.203+0000] {subprocess.py:75} INFO - Running command: ['/usr/bin/bash', '-c', 'cd /opt/***/dbt_project && dbt compile --project-dir . --profiles-dir profiles']
[2025-07-28T12:44:40.207+0000] {subprocess.py:86} INFO - Output:
[2025-07-28T12:44:40.825+0000] {subprocess.py:93} INFO - [0m12:44:40  Running with dbt=1.8.7
[2025-07-28T12:44:41.248+0000] {subprocess.py:93} INFO - [0m12:44:41  Registered adapter: snowflake=1.8.4
[2025-07-28T12:44:41.615+0000] {subprocess.py:93} INFO - [0m12:44:41  Found 27 models, 124 data tests, 8 sources, 569 macros
[2025-07-28T12:44:41.619+0000] {subprocess.py:93} INFO - [0m12:44:41
[2025-07-28T12:44:44.734+0000] {subprocess.py:93} INFO - [0m12:44:44  Concurrency: 1 threads (target='dev')
[2025-07-28T12:44:44.735+0000] {subprocess.py:93} INFO - [0m12:44:44
[2025-07-28T12:44:46.303+0000] {subprocess.py:97} INFO - Command exited with return code 0
[2025-07-28T12:44:46.316+0000] {taskinstance.py:1138} INFO - Marking task as SUCCESS. dag_id=dbt_pipeline, task_id=dbt_compile, execution_date=20250728T124430, start_date=20250728T124440, end_date=20250728T124446
[2025-07-28T12:44:46.333+0000] {local_task_job_runner.py:234} INFO - Task exited with return code 0
[2025-07-28T12:44:46.346+0000] {taskinstance.py:3280} INFO - 1 downstream tasks scheduled from follow-on schedule check
