[2025-07-28T12:38:48.408+0000] {taskinstance.py:1956} INFO - Dependencies all met for dep_context=non-requeueable deps ti=<TaskInstance: dbt_pipeline.dbt_build_staging scheduled__2025-07-27T00:00:00+00:00 [queued]>
[2025-07-28T12:38:48.412+0000] {taskinstance.py:1956} INFO - Dependencies all met for dep_context=requeueable deps ti=<TaskInstance: dbt_pipeline.dbt_build_staging scheduled__2025-07-27T00:00:00+00:00 [queued]>
[2025-07-28T12:38:48.413+0000] {taskinstance.py:2170} INFO - Starting attempt 1 of 2
[2025-07-28T12:38:48.418+0000] {taskinstance.py:2191} INFO - Executing <Task(BashOperator): dbt_build_staging> on 2025-07-27 00:00:00+00:00
[2025-07-28T12:38:48.420+0000] {standard_task_runner.py:60} INFO - Started process 171 to run task
[2025-07-28T12:38:48.422+0000] {standard_task_runner.py:87} INFO - Running: ['***', 'tasks', 'run', 'dbt_pipeline', 'dbt_build_staging', 'scheduled__2025-07-27T00:00:00+00:00', '--job-id', '30', '--raw', '--subdir', 'DAGS_FOLDER/dbt_pipeline.py', '--cfg-path', '/tmp/tmp8syq7_nd']
[2025-07-28T12:38:48.423+0000] {standard_task_runner.py:88} INFO - Job 30: Subtask dbt_build_staging
[2025-07-28T12:38:48.442+0000] {warnings.py:109} WARNING - /home/***/.local/lib/python3.8/site-packages/***/settings.py:194: DeprecationWarning: The sql_alchemy_conn option in [core] has been moved to the sql_alchemy_conn option in [database] - the old setting has been used, but please update your config.
  SQL_ALCHEMY_CONN = conf.get("database", "SQL_ALCHEMY_CONN")

[2025-07-28T12:38:48.460+0000] {task_command.py:423} INFO - Running <TaskInstance: dbt_pipeline.dbt_build_staging scheduled__2025-07-27T00:00:00+00:00 [running]> on host 26b399183f28
[2025-07-28T12:38:48.494+0000] {taskinstance.py:2480} INFO - Exporting env vars: AIRFLOW_CTX_DAG_OWNER='gotphoto' AIRFLOW_CTX_DAG_ID='dbt_pipeline' AIRFLOW_CTX_TASK_ID='dbt_build_staging' AIRFLOW_CTX_EXECUTION_DATE='2025-07-27T00:00:00+00:00' AIRFLOW_CTX_TRY_NUMBER='1' AIRFLOW_CTX_DAG_RUN_ID='scheduled__2025-07-27T00:00:00+00:00'
[2025-07-28T12:38:48.495+0000] {subprocess.py:63} INFO - Tmp dir root location: /tmp
[2025-07-28T12:38:48.495+0000] {subprocess.py:75} INFO - Running command: ['/usr/bin/bash', '-c', 'cd /opt/***/dbt_project && dbt build --select staging --project-dir . --profiles-dir profiles']
[2025-07-28T12:38:48.499+0000] {subprocess.py:86} INFO - Output:
[2025-07-28T12:38:49.244+0000] {subprocess.py:93} INFO - [0m12:38:49  Running with dbt=1.8.7
[2025-07-28T12:38:49.841+0000] {subprocess.py:93} INFO - [0m12:38:49  Registered adapter: snowflake=1.8.4
[2025-07-28T12:38:50.206+0000] {subprocess.py:93} INFO - [0m12:38:50  Found 27 models, 124 data tests, 8 sources, 569 macros
[2025-07-28T12:38:50.209+0000] {subprocess.py:93} INFO - [0m12:38:50
[2025-07-28T12:38:54.741+0000] {subprocess.py:93} INFO - [0m12:38:54  Concurrency: 1 threads (target='dev')
[2025-07-28T12:38:54.742+0000] {subprocess.py:93} INFO - [0m12:38:54
[2025-07-28T12:38:54.745+0000] {subprocess.py:93} INFO - [0m12:38:54  1 of 36 START sql table model STAGING.stg_customers ............................ [RUN]
[2025-07-28T12:38:58.159+0000] {subprocess.py:93} INFO - [0m12:38:58  1 of 36 OK created sql table model STAGING.stg_customers ....................... [[32mSUCCESS 1[0m in 3.41s]
[2025-07-28T12:38:58.161+0000] {subprocess.py:93} INFO - [0m12:38:58  2 of 36 START sql table model STAGING.stg_lineitem ............................. [RUN]
[2025-07-28T12:39:05.920+0000] {subprocess.py:93} INFO - [0m12:39:05  2 of 36 OK created sql table model STAGING.stg_lineitem ........................ [[32mSUCCESS 1[0m in 7.76s]
[2025-07-28T12:39:05.921+0000] {subprocess.py:93} INFO - [0m12:39:05  3 of 36 START sql table model STAGING.stg_nation ............................... [RUN]
[2025-07-28T12:39:07.613+0000] {subprocess.py:93} INFO - [0m12:39:07  3 of 36 OK created sql table model STAGING.stg_nation .......................... [[32mSUCCESS 1[0m in 1.69s]
[2025-07-28T12:39:07.616+0000] {subprocess.py:93} INFO - [0m12:39:07  4 of 36 START sql table model STAGING.stg_orders ............................... [RUN]
[2025-07-28T12:39:10.332+0000] {subprocess.py:93} INFO - [0m12:39:10  4 of 36 OK created sql table model STAGING.stg_orders .......................... [[32mSUCCESS 1[0m in 2.71s]
[2025-07-28T12:39:10.335+0000] {subprocess.py:93} INFO - [0m12:39:10  5 of 36 START sql table model STAGING.stg_part ................................. [RUN]
[2025-07-28T12:39:12.982+0000] {subprocess.py:93} INFO - [0m12:39:12  5 of 36 OK created sql table model STAGING.stg_part ............................ [[32mSUCCESS 1[0m in 2.65s]
[2025-07-28T12:39:12.984+0000] {subprocess.py:93} INFO - [0m12:39:12  6 of 36 START sql table model STAGING.stg_partsupp ............................. [RUN]
[2025-07-28T12:39:15.959+0000] {subprocess.py:93} INFO - [0m12:39:15  6 of 36 OK created sql table model STAGING.stg_partsupp ........................ [[32mSUCCESS 1[0m in 2.97s]
[2025-07-28T12:39:15.962+0000] {subprocess.py:93} INFO - [0m12:39:15  7 of 36 START sql table model STAGING.stg_region ............................... [RUN]
[2025-07-28T12:39:17.823+0000] {subprocess.py:93} INFO - [0m12:39:17  7 of 36 OK created sql table model STAGING.stg_region .......................... [[32mSUCCESS 1[0m in 1.86s]
[2025-07-28T12:39:17.826+0000] {subprocess.py:93} INFO - [0m12:39:17  8 of 36 START sql table model STAGING.stg_supplier ............................. [RUN]
[2025-07-28T12:39:19.494+0000] {subprocess.py:93} INFO - [0m12:39:19  8 of 36 OK created sql table model STAGING.stg_supplier ........................ [[32mSUCCESS 1[0m in 1.67s]
[2025-07-28T12:39:19.496+0000] {subprocess.py:93} INFO - [0m12:39:19  9 of 36 START test not_null_stg_customers_customer_key ......................... [RUN]
[2025-07-28T12:39:20.914+0000] {subprocess.py:93} INFO - [0m12:39:20  9 of 36 PASS not_null_stg_customers_customer_key ............................... [[32mPASS[0m in 1.42s]
[2025-07-28T12:39:20.916+0000] {subprocess.py:93} INFO - [0m12:39:20  10 of 36 START test not_null_stg_customers_customer_name ....................... [RUN]
[2025-07-28T12:39:21.453+0000] {subprocess.py:93} INFO - [0m12:39:21  10 of 36 PASS not_null_stg_customers_customer_name ............................. [[32mPASS[0m in 0.54s]
[2025-07-28T12:39:21.454+0000] {subprocess.py:93} INFO - [0m12:39:21  11 of 36 START test not_null_stg_customers_nation_key .......................... [RUN]
[2025-07-28T12:39:22.032+0000] {subprocess.py:93} INFO - [0m12:39:22  11 of 36 PASS not_null_stg_customers_nation_key ................................ [[32mPASS[0m in 0.58s]
[2025-07-28T12:39:22.034+0000] {subprocess.py:93} INFO - [0m12:39:22  12 of 36 START test unique_stg_customers_customer_key .......................... [RUN]
[2025-07-28T12:39:23.142+0000] {subprocess.py:93} INFO - [0m12:39:23  12 of 36 PASS unique_stg_customers_customer_key ................................ [[32mPASS[0m in 1.11s]
[2025-07-28T12:39:23.145+0000] {subprocess.py:93} INFO - [0m12:39:23  13 of 36 START test dbt_utils_unique_combination_of_columns_stg_lineitem_order_key__line_number  [RUN]
[2025-07-28T12:39:24.072+0000] {subprocess.py:93} INFO - [0m12:39:24  13 of 36 PASS dbt_utils_unique_combination_of_columns_stg_lineitem_order_key__line_number  [[32mPASS[0m in 0.93s]
[2025-07-28T12:39:24.074+0000] {subprocess.py:93} INFO - [0m12:39:24  14 of 36 START test not_null_stg_lineitem_order_key ............................ [RUN]
[2025-07-28T12:39:24.640+0000] {subprocess.py:93} INFO - [0m12:39:24  14 of 36 PASS not_null_stg_lineitem_order_key .................................. [[32mPASS[0m in 0.56s]
[2025-07-28T12:39:24.642+0000] {subprocess.py:93} INFO - [0m12:39:24  15 of 36 START test not_null_stg_lineitem_part_key ............................. [RUN]
[2025-07-28T12:39:25.464+0000] {subprocess.py:93} INFO - [0m12:39:25  15 of 36 PASS not_null_stg_lineitem_part_key ................................... [[32mPASS[0m in 0.82s]
[2025-07-28T12:39:25.467+0000] {subprocess.py:93} INFO - [0m12:39:25  16 of 36 START test not_null_stg_lineitem_supplier_key ......................... [RUN]
[2025-07-28T12:39:26.118+0000] {subprocess.py:93} INFO - [0m12:39:26  16 of 36 PASS not_null_stg_lineitem_supplier_key ............................... [[32mPASS[0m in 0.65s]
[2025-07-28T12:39:26.121+0000] {subprocess.py:93} INFO - [0m12:39:26  17 of 36 START test not_null_stg_nation_nation_key ............................. [RUN]
[2025-07-28T12:39:27.313+0000] {subprocess.py:93} INFO - [0m12:39:27  17 of 36 PASS not_null_stg_nation_nation_key ................................... [[32mPASS[0m in 1.19s]
[2025-07-28T12:39:27.315+0000] {subprocess.py:93} INFO - [0m12:39:27  18 of 36 START test not_null_stg_nation_nation_name ............................ [RUN]
[2025-07-28T12:39:27.845+0000] {subprocess.py:93} INFO - [0m12:39:27  18 of 36 PASS not_null_stg_nation_nation_name .................................. [[32mPASS[0m in 0.53s]
[2025-07-28T12:39:27.848+0000] {subprocess.py:93} INFO - [0m12:39:27  19 of 36 START test not_null_stg_nation_region_key ............................. [RUN]
[2025-07-28T12:39:28.394+0000] {subprocess.py:93} INFO - [0m12:39:28  19 of 36 PASS not_null_stg_nation_region_key ................................... [[32mPASS[0m in 0.55s]
[2025-07-28T12:39:28.397+0000] {subprocess.py:93} INFO - [0m12:39:28  20 of 36 START test unique_stg_nation_nation_key ............................... [RUN]
[2025-07-28T12:39:28.947+0000] {subprocess.py:93} INFO - [0m12:39:28  20 of 36 PASS unique_stg_nation_nation_key ..................................... [[32mPASS[0m in 0.55s]
[2025-07-28T12:39:28.950+0000] {subprocess.py:93} INFO - [0m12:39:28  21 of 36 START test not_null_stg_orders_customer_key ........................... [RUN]
[2025-07-28T12:39:29.459+0000] {subprocess.py:93} INFO - [0m12:39:29  21 of 36 PASS not_null_stg_orders_customer_key ................................. [[32mPASS[0m in 0.51s]
[2025-07-28T12:39:29.462+0000] {subprocess.py:93} INFO - [0m12:39:29  22 of 36 START test not_null_stg_orders_order_key .............................. [RUN]
[2025-07-28T12:39:30.003+0000] {subprocess.py:93} INFO - [0m12:39:30  22 of 36 PASS not_null_stg_orders_order_key .................................... [[32mPASS[0m in 0.54s]
[2025-07-28T12:39:30.005+0000] {subprocess.py:93} INFO - [0m12:39:30  23 of 36 START test unique_stg_orders_order_key ................................ [RUN]
[2025-07-28T12:39:30.813+0000] {subprocess.py:93} INFO - [0m12:39:30  23 of 36 PASS unique_stg_orders_order_key ...................................... [[32mPASS[0m in 0.81s]
[2025-07-28T12:39:30.814+0000] {subprocess.py:93} INFO - [0m12:39:30  24 of 36 START test not_null_stg_part_part_key ................................. [RUN]
[2025-07-28T12:39:31.304+0000] {subprocess.py:93} INFO - [0m12:39:31  24 of 36 PASS not_null_stg_part_part_key ....................................... [[32mPASS[0m in 0.49s]
[2025-07-28T12:39:31.307+0000] {subprocess.py:93} INFO - [0m12:39:31  25 of 36 START test not_null_stg_part_part_name ................................ [RUN]
[2025-07-28T12:39:31.742+0000] {subprocess.py:93} INFO - [0m12:39:31  25 of 36 PASS not_null_stg_part_part_name ...................................... [[32mPASS[0m in 0.43s]
[2025-07-28T12:39:31.744+0000] {subprocess.py:93} INFO - [0m12:39:31  26 of 36 START test unique_stg_part_part_key ................................... [RUN]
[2025-07-28T12:39:32.401+0000] {subprocess.py:93} INFO - [0m12:39:32  26 of 36 PASS unique_stg_part_part_key ......................................... [[32mPASS[0m in 0.66s]
[2025-07-28T12:39:32.403+0000] {subprocess.py:93} INFO - [0m12:39:32  27 of 36 START test dbt_utils_unique_combination_of_columns_stg_partsupp_part_key__supplier_key  [RUN]
[2025-07-28T12:39:33.193+0000] {subprocess.py:93} INFO - [0m12:39:33  27 of 36 PASS dbt_utils_unique_combination_of_columns_stg_partsupp_part_key__supplier_key  [[32mPASS[0m in 0.79s]
[2025-07-28T12:39:33.196+0000] {subprocess.py:93} INFO - [0m12:39:33  28 of 36 START test not_null_stg_partsupp_part_key ............................. [RUN]
[2025-07-28T12:39:33.641+0000] {subprocess.py:93} INFO - [0m12:39:33  28 of 36 PASS not_null_stg_partsupp_part_key ................................... [[32mPASS[0m in 0.44s]
[2025-07-28T12:39:33.643+0000] {subprocess.py:93} INFO - [0m12:39:33  29 of 36 START test not_null_stg_partsupp_supplier_key ......................... [RUN]
[2025-07-28T12:39:34.085+0000] {subprocess.py:93} INFO - [0m12:39:34  29 of 36 PASS not_null_stg_partsupp_supplier_key ............................... [[32mPASS[0m in 0.44s]
[2025-07-28T12:39:34.087+0000] {subprocess.py:93} INFO - [0m12:39:34  30 of 36 START test not_null_stg_region_region_key ............................. [RUN]
[2025-07-28T12:39:34.572+0000] {subprocess.py:93} INFO - [0m12:39:34  30 of 36 PASS not_null_stg_region_region_key ................................... [[32mPASS[0m in 0.48s]
[2025-07-28T12:39:34.575+0000] {subprocess.py:93} INFO - [0m12:39:34  31 of 36 START test not_null_stg_region_region_name ............................ [RUN]
[2025-07-28T12:39:35.193+0000] {subprocess.py:93} INFO - [0m12:39:35  31 of 36 PASS not_null_stg_region_region_name .................................. [[32mPASS[0m in 0.62s]
[2025-07-28T12:39:35.195+0000] {subprocess.py:93} INFO - [0m12:39:35  32 of 36 START test unique_stg_region_region_key ............................... [RUN]
[2025-07-28T12:39:35.838+0000] {subprocess.py:93} INFO - [0m12:39:35  32 of 36 PASS unique_stg_region_region_key ..................................... [[32mPASS[0m in 0.64s]
[2025-07-28T12:39:35.840+0000] {subprocess.py:93} INFO - [0m12:39:35  33 of 36 START test not_null_stg_supplier_nation_key ........................... [RUN]
[2025-07-28T12:39:36.279+0000] {subprocess.py:93} INFO - [0m12:39:36  33 of 36 PASS not_null_stg_supplier_nation_key ................................. [[32mPASS[0m in 0.44s]
[2025-07-28T12:39:36.281+0000] {subprocess.py:93} INFO - [0m12:39:36  34 of 36 START test not_null_stg_supplier_supplier_key ......................... [RUN]
[2025-07-28T12:39:36.804+0000] {subprocess.py:93} INFO - [0m12:39:36  34 of 36 PASS not_null_stg_supplier_supplier_key ............................... [[32mPASS[0m in 0.52s]
[2025-07-28T12:39:36.806+0000] {subprocess.py:93} INFO - [0m12:39:36  35 of 36 START test not_null_stg_supplier_supplier_name ........................ [RUN]
[2025-07-28T12:39:37.288+0000] {subprocess.py:93} INFO - [0m12:39:37  35 of 36 PASS not_null_stg_supplier_supplier_name .............................. [[32mPASS[0m in 0.48s]
[2025-07-28T12:39:37.291+0000] {subprocess.py:93} INFO - [0m12:39:37  36 of 36 START test unique_stg_supplier_supplier_key ........................... [RUN]
[2025-07-28T12:39:37.917+0000] {subprocess.py:93} INFO - [0m12:39:37  36 of 36 PASS unique_stg_supplier_supplier_key ................................. [[32mPASS[0m in 0.62s]
[2025-07-28T12:39:37.923+0000] {subprocess.py:93} INFO - [0m12:39:37
[2025-07-28T12:39:37.924+0000] {subprocess.py:93} INFO - [0m12:39:37  Finished running 8 table models, 28 data tests in 0 hours 0 minutes and 47.71 seconds (47.71s).
[2025-07-28T12:39:38.001+0000] {subprocess.py:93} INFO - [0m12:39:38
[2025-07-28T12:39:38.001+0000] {subprocess.py:93} INFO - [0m12:39:38  [32mCompleted successfully[0m
[2025-07-28T12:39:38.002+0000] {subprocess.py:93} INFO - [0m12:39:38
[2025-07-28T12:39:38.002+0000] {subprocess.py:93} INFO - [0m12:39:38  Done. PASS=36 WARN=0 ERROR=0 SKIP=0 TOTAL=36
[2025-07-28T12:39:38.837+0000] {subprocess.py:97} INFO - Command exited with return code 0
[2025-07-28T12:39:38.848+0000] {taskinstance.py:1138} INFO - Marking task as SUCCESS. dag_id=dbt_pipeline, task_id=dbt_build_staging, execution_date=20250727T000000, start_date=20250728T123848, end_date=20250728T123938
[2025-07-28T12:39:38.865+0000] {local_task_job_runner.py:234} INFO - Task exited with return code 0
[2025-07-28T12:39:38.874+0000] {taskinstance.py:3280} INFO - 1 downstream tasks scheduled from follow-on schedule check
