[2025-07-28T12:38:39.331+0000] {taskinstance.py:1956} INFO - Dependencies all met for dep_context=non-requeueable deps ti=<TaskInstance: dbt_pipeline.dbt_compile scheduled__2025-07-27T00:00:00+00:00 [queued]>
[2025-07-28T12:38:39.336+0000] {taskinstance.py:1956} INFO - Dependencies all met for dep_context=requeueable deps ti=<TaskInstance: dbt_pipeline.dbt_compile scheduled__2025-07-27T00:00:00+00:00 [queued]>
[2025-07-28T12:38:39.336+0000] {taskinstance.py:2170} INFO - Starting attempt 1 of 2
[2025-07-28T12:38:39.341+0000] {taskinstance.py:2191} INFO - Executing <Task(BashOperator): dbt_compile> on 2025-07-27 00:00:00+00:00
[2025-07-28T12:38:39.344+0000] {standard_task_runner.py:60} INFO - Started process 118 to run task
[2025-07-28T12:38:39.346+0000] {standard_task_runner.py:87} INFO - Running: ['***', 'tasks', 'run', 'dbt_pipeline', 'dbt_compile', 'scheduled__2025-07-27T00:00:00+00:00', '--job-id', '29', '--raw', '--subdir', 'DAGS_FOLDER/dbt_pipeline.py', '--cfg-path', '/tmp/tmp0ti1kdpm']
[2025-07-28T12:38:39.347+0000] {standard_task_runner.py:88} INFO - Job 29: Subtask dbt_compile
[2025-07-28T12:38:39.354+0000] {warnings.py:109} WARNING - /home/***/.local/lib/python3.8/site-packages/***/settings.py:194: DeprecationWarning: The sql_alchemy_conn option in [core] has been moved to the sql_alchemy_conn option in [database] - the old setting has been used, but please update your config.
  SQL_ALCHEMY_CONN = conf.get("database", "SQL_ALCHEMY_CONN")

[2025-07-28T12:38:39.373+0000] {task_command.py:423} INFO - Running <TaskInstance: dbt_pipeline.dbt_compile scheduled__2025-07-27T00:00:00+00:00 [running]> on host 26b399183f28
[2025-07-28T12:38:39.405+0000] {taskinstance.py:2480} INFO - Exporting env vars: AIRFLOW_CTX_DAG_OWNER='gotphoto' AIRFLOW_CTX_DAG_ID='dbt_pipeline' AIRFLOW_CTX_TASK_ID='dbt_compile' AIRFLOW_CTX_EXECUTION_DATE='2025-07-27T00:00:00+00:00' AIRFLOW_CTX_TRY_NUMBER='1' AIRFLOW_CTX_DAG_RUN_ID='scheduled__2025-07-27T00:00:00+00:00'
[2025-07-28T12:38:39.406+0000] {subprocess.py:63} INFO - Tmp dir root location: /tmp
[2025-07-28T12:38:39.406+0000] {subprocess.py:75} INFO - Running command: ['/usr/bin/bash', '-c', 'cd /opt/***/dbt_project && dbt compile --project-dir . --profiles-dir profiles']
[2025-07-28T12:38:39.410+0000] {subprocess.py:86} INFO - Output:
[2025-07-28T12:38:40.038+0000] {subprocess.py:93} INFO - [0m12:38:40  Running with dbt=1.8.7
[2025-07-28T12:38:40.654+0000] {subprocess.py:93} INFO - [0m12:38:40  Registered adapter: snowflake=1.8.4
[2025-07-28T12:38:40.670+0000] {subprocess.py:93} INFO - [0m12:38:40  Unable to do partial parsing because saved manifest not found. Starting full parse.
[2025-07-28T12:38:41.517+0000] {subprocess.py:93} INFO - [0m12:38:41  [[33mWARNING[0m]: Deprecated functionality
[2025-07-28T12:38:41.518+0000] {subprocess.py:93} INFO - The `tests` config has been renamed to `data_tests`. Please see
[2025-07-28T12:38:41.518+0000] {subprocess.py:93} INFO - https://docs.getdbt.com/docs/build/data-tests#new-data_tests-syntax for more
[2025-07-28T12:38:41.518+0000] {subprocess.py:93} INFO - information.
[2025-07-28T12:38:41.994+0000] {subprocess.py:93} INFO - [0m12:38:41  Found 27 models, 124 data tests, 8 sources, 569 macros
[2025-07-28T12:38:41.998+0000] {subprocess.py:93} INFO - [0m12:38:41
[2025-07-28T12:38:45.587+0000] {subprocess.py:93} INFO - [0m12:38:45  Concurrency: 1 threads (target='dev')
[2025-07-28T12:38:45.588+0000] {subprocess.py:93} INFO - [0m12:38:45
[2025-07-28T12:38:47.399+0000] {subprocess.py:97} INFO - Command exited with return code 0
[2025-07-28T12:38:47.420+0000] {taskinstance.py:1138} INFO - Marking task as SUCCESS. dag_id=dbt_pipeline, task_id=dbt_compile, execution_date=20250727T000000, start_date=20250728T123839, end_date=20250728T123847
[2025-07-28T12:38:47.443+0000] {local_task_job_runner.py:234} INFO - Task exited with return code 0
[2025-07-28T12:38:47.456+0000] {taskinstance.py:3280} INFO - 1 downstream tasks scheduled from follow-on schedule check
