[2025-07-28T12:40:31.765+0000] {taskinstance.py:1956} INFO - Dependencies all met for dep_context=non-requeueable deps ti=<TaskInstance: dbt_pipeline.dbt_build_revenue_mart scheduled__2025-07-27T00:00:00+00:00 [queued]>
[2025-07-28T12:40:31.771+0000] {taskinstance.py:1956} INFO - Dependencies all met for dep_context=requeueable deps ti=<TaskInstance: dbt_pipeline.dbt_build_revenue_mart scheduled__2025-07-27T00:00:00+00:00 [queued]>
[2025-07-28T12:40:31.771+0000] {taskinstance.py:2170} INFO - Starting attempt 1 of 2
[2025-07-28T12:40:31.777+0000] {taskinstance.py:2191} INFO - Executing <Task(BashOperator): dbt_build_revenue_mart> on 2025-07-27 00:00:00+00:00
[2025-07-28T12:40:31.779+0000] {standard_task_runner.py:60} INFO - Started process 436 to run task
[2025-07-28T12:40:31.782+0000] {standard_task_runner.py:87} INFO - Running: ['***', 'tasks', 'run', 'dbt_pipeline', 'dbt_build_revenue_mart', 'scheduled__2025-07-27T00:00:00+00:00', '--job-id', '36', '--raw', '--subdir', 'DAGS_FOLDER/dbt_pipeline.py', '--cfg-path', '/tmp/tmpwzw81muy']
[2025-07-28T12:40:31.783+0000] {standard_task_runner.py:88} INFO - Job 36: Subtask dbt_build_revenue_mart
[2025-07-28T12:40:31.790+0000] {warnings.py:109} WARNING - /home/***/.local/lib/python3.8/site-packages/***/settings.py:194: DeprecationWarning: The sql_alchemy_conn option in [core] has been moved to the sql_alchemy_conn option in [database] - the old setting has been used, but please update your config.
  SQL_ALCHEMY_CONN = conf.get("database", "SQL_ALCHEMY_CONN")

[2025-07-28T12:40:31.808+0000] {task_command.py:423} INFO - Running <TaskInstance: dbt_pipeline.dbt_build_revenue_mart scheduled__2025-07-27T00:00:00+00:00 [running]> on host 26b399183f28
[2025-07-28T12:40:31.839+0000] {taskinstance.py:2480} INFO - Exporting env vars: AIRFLOW_CTX_DAG_OWNER='gotphoto' AIRFLOW_CTX_DAG_ID='dbt_pipeline' AIRFLOW_CTX_TASK_ID='dbt_build_revenue_mart' AIRFLOW_CTX_EXECUTION_DATE='2025-07-27T00:00:00+00:00' AIRFLOW_CTX_TRY_NUMBER='1' AIRFLOW_CTX_DAG_RUN_ID='scheduled__2025-07-27T00:00:00+00:00'
[2025-07-28T12:40:31.841+0000] {subprocess.py:63} INFO - Tmp dir root location: /tmp
[2025-07-28T12:40:31.841+0000] {subprocess.py:75} INFO - Running command: ['/usr/bin/bash', '-c', 'cd /opt/***/dbt_project && dbt build --select marts.revenue_pricing --project-dir . --profiles-dir profiles']
[2025-07-28T12:40:31.847+0000] {subprocess.py:86} INFO - Output:
[2025-07-28T12:41:18.833+0000] {subprocess.py:93} INFO - [0m12:41:18  Running with dbt=1.8.7
[2025-07-28T12:41:19.458+0000] {subprocess.py:93} INFO - [0m12:41:19  Registered adapter: snowflake=1.8.4
[2025-07-28T12:41:19.936+0000] {subprocess.py:93} INFO - [0m12:41:19  Found 27 models, 124 data tests, 8 sources, 569 macros
[2025-07-28T12:41:19.939+0000] {subprocess.py:93} INFO - [0m12:41:19
[2025-07-28T12:41:23.617+0000] {subprocess.py:93} INFO - [0m12:41:23  Concurrency: 1 threads (target='dev')
[2025-07-28T12:41:23.618+0000] {subprocess.py:93} INFO - [0m12:41:23
[2025-07-28T12:41:23.619+0000] {subprocess.py:93} INFO - [0m12:41:23  1 of 18 START sql table model REVENUE_PRICING_MART.fact_order_lines ............ [RUN]
[2025-07-28T12:41:42.680+0000] {subprocess.py:93} INFO - [0m12:41:42  1 of 18 OK created sql table model REVENUE_PRICING_MART.fact_order_lines ....... [[32mSUCCESS 1[0m in 19.05s]
[2025-07-28T12:41:42.682+0000] {subprocess.py:93} INFO - [0m12:41:42  2 of 18 START sql table model REVENUE_PRICING_MART.fact_pricing_analysis ....... [RUN]
[2025-07-28T12:41:57.108+0000] {subprocess.py:93} INFO - [0m12:41:57  2 of 18 OK created sql table model REVENUE_PRICING_MART.fact_pricing_analysis .. [[32mSUCCESS 1[0m in 14.42s]
[2025-07-28T12:41:57.109+0000] {subprocess.py:93} INFO - [0m12:41:57  3 of 18 START sql table model REVENUE_PRICING_MART.fact_shipping_analysis ...... [RUN]
[2025-07-28T12:42:14.473+0000] {subprocess.py:93} INFO - [0m12:42:14  3 of 18 OK created sql table model REVENUE_PRICING_MART.fact_shipping_analysis . [[32mSUCCESS 1[0m in 17.35s]
[2025-07-28T12:42:14.475+0000] {subprocess.py:93} INFO - [0m12:42:14  4 of 18 START test dbt_utils_unique_combination_of_columns_fact_order_lines_order_key__line_number  [RUN]
[2025-07-28T12:42:15.949+0000] {subprocess.py:93} INFO - [0m12:42:15  4 of 18 PASS dbt_utils_unique_combination_of_columns_fact_order_lines_order_key__line_number  [[32mPASS[0m in 1.47s]
[2025-07-28T12:42:15.952+0000] {subprocess.py:93} INFO - [0m12:42:15  5 of 18 START test not_null_fact_order_lines_line_number ....................... [RUN]
[2025-07-28T12:42:16.591+0000] {subprocess.py:93} INFO - [0m12:42:16  5 of 18 PASS not_null_fact_order_lines_line_number ............................. [[32mPASS[0m in 0.63s]
[2025-07-28T12:42:16.595+0000] {subprocess.py:93} INFO - [0m12:42:16  6 of 18 START test not_null_fact_order_lines_order_fact_key .................... [RUN]
[2025-07-28T12:42:17.405+0000] {subprocess.py:93} INFO - [0m12:42:17  6 of 18 PASS not_null_fact_order_lines_order_fact_key .......................... [[32mPASS[0m in 0.81s]
[2025-07-28T12:42:17.407+0000] {subprocess.py:93} INFO - [0m12:42:17  7 of 18 START test not_null_fact_order_lines_order_key ......................... [RUN]
[2025-07-28T12:42:17.895+0000] {subprocess.py:93} INFO - [0m12:42:17  7 of 18 PASS not_null_fact_order_lines_order_key ............................... [[32mPASS[0m in 0.49s]
[2025-07-28T12:42:17.897+0000] {subprocess.py:93} INFO - [0m12:42:17  8 of 18 START test unique_fact_order_lines_order_fact_key ...................... [RUN]
[2025-07-28T12:42:19.160+0000] {subprocess.py:93} INFO - [0m12:42:19  8 of 18 PASS unique_fact_order_lines_order_fact_key ............................ [[32mPASS[0m in 1.26s]
[2025-07-28T12:42:19.161+0000] {subprocess.py:93} INFO - [0m12:42:19  9 of 18 START test dbt_utils_unique_combination_of_columns_fact_pricing_analysis_order_key__line_number  [RUN]
[2025-07-28T12:42:20.596+0000] {subprocess.py:93} INFO - [0m12:42:20  9 of 18 PASS dbt_utils_unique_combination_of_columns_fact_pricing_analysis_order_key__line_number  [[32mPASS[0m in 1.43s]
[2025-07-28T12:42:20.600+0000] {subprocess.py:93} INFO - [0m12:42:20  10 of 18 START test not_null_fact_pricing_analysis_line_number ................. [RUN]
[2025-07-28T12:42:21.285+0000] {subprocess.py:93} INFO - [0m12:42:21  10 of 18 PASS not_null_fact_pricing_analysis_line_number ....................... [[32mPASS[0m in 0.68s]
[2025-07-28T12:42:21.286+0000] {subprocess.py:93} INFO - [0m12:42:21  11 of 18 START test not_null_fact_pricing_analysis_order_key ................... [RUN]
[2025-07-28T12:42:22.002+0000] {subprocess.py:93} INFO - [0m12:42:22  11 of 18 PASS not_null_fact_pricing_analysis_order_key ......................... [[32mPASS[0m in 0.72s]
[2025-07-28T12:42:22.004+0000] {subprocess.py:93} INFO - [0m12:42:22  12 of 18 START test not_null_fact_pricing_analysis_pricing_fact_key ............ [RUN]
[2025-07-28T12:42:22.838+0000] {subprocess.py:93} INFO - [0m12:42:22  12 of 18 PASS not_null_fact_pricing_analysis_pricing_fact_key .................. [[32mPASS[0m in 0.83s]
[2025-07-28T12:42:22.841+0000] {subprocess.py:93} INFO - [0m12:42:22  13 of 18 START test unique_fact_pricing_analysis_pricing_fact_key .............. [RUN]
[2025-07-28T12:42:23.775+0000] {subprocess.py:93} INFO - [0m12:42:23  13 of 18 PASS unique_fact_pricing_analysis_pricing_fact_key .................... [[32mPASS[0m in 0.93s]
[2025-07-28T12:42:23.777+0000] {subprocess.py:93} INFO - [0m12:42:23  14 of 18 START test dbt_utils_unique_combination_of_columns_fact_shipping_analysis_order_key__line_number  [RUN]
[2025-07-28T12:42:25.175+0000] {subprocess.py:93} INFO - [0m12:42:25  14 of 18 PASS dbt_utils_unique_combination_of_columns_fact_shipping_analysis_order_key__line_number  [[32mPASS[0m in 1.40s]
[2025-07-28T12:42:25.177+0000] {subprocess.py:93} INFO - [0m12:42:25  15 of 18 START test not_null_fact_shipping_analysis_line_number ................ [RUN]
[2025-07-28T12:42:26.204+0000] {subprocess.py:93} INFO - [0m12:42:26  15 of 18 PASS not_null_fact_shipping_analysis_line_number ...................... [[32mPASS[0m in 1.03s]
[2025-07-28T12:42:26.207+0000] {subprocess.py:93} INFO - [0m12:42:26  16 of 18 START test not_null_fact_shipping_analysis_order_key .................. [RUN]
[2025-07-28T12:42:26.869+0000] {subprocess.py:93} INFO - [0m12:42:26  16 of 18 PASS not_null_fact_shipping_analysis_order_key ........................ [[32mPASS[0m in 0.66s]
[2025-07-28T12:42:26.871+0000] {subprocess.py:93} INFO - [0m12:42:26  17 of 18 START test not_null_fact_shipping_analysis_shipping_fact_key .......... [RUN]
[2025-07-28T12:42:27.679+0000] {subprocess.py:93} INFO - [0m12:42:27  17 of 18 PASS not_null_fact_shipping_analysis_shipping_fact_key ................ [[32mPASS[0m in 0.81s]
[2025-07-28T12:42:27.681+0000] {subprocess.py:93} INFO - [0m12:42:27  18 of 18 START test unique_fact_shipping_analysis_shipping_fact_key ............ [RUN]
[2025-07-28T12:42:28.595+0000] {subprocess.py:93} INFO - [0m12:42:28  18 of 18 PASS unique_fact_shipping_analysis_shipping_fact_key .................. [[32mPASS[0m in 0.91s]
[2025-07-28T12:42:28.599+0000] {subprocess.py:93} INFO - [0m12:42:28
[2025-07-28T12:42:28.600+0000] {subprocess.py:93} INFO - [0m12:42:28  Finished running 3 table models, 15 data tests in 0 hours 1 minutes and 8.66 seconds (68.66s).
[2025-07-28T12:42:28.672+0000] {subprocess.py:93} INFO - [0m12:42:28
[2025-07-28T12:42:28.672+0000] {subprocess.py:93} INFO - [0m12:42:28  [32mCompleted successfully[0m
[2025-07-28T12:42:28.672+0000] {subprocess.py:93} INFO - [0m12:42:28
[2025-07-28T12:42:28.673+0000] {subprocess.py:93} INFO - [0m12:42:28  Done. PASS=18 WARN=0 ERROR=0 SKIP=0 TOTAL=18
[2025-07-28T12:42:29.398+0000] {subprocess.py:97} INFO - Command exited with return code 0
[2025-07-28T12:42:29.416+0000] {taskinstance.py:1138} INFO - Marking task as SUCCESS. dag_id=dbt_pipeline, task_id=dbt_build_revenue_mart, execution_date=20250727T000000, start_date=20250728T124031, end_date=20250728T124229
[2025-07-28T12:42:29.457+0000] {local_task_job_runner.py:234} INFO - Task exited with return code 0
[2025-07-28T12:42:29.468+0000] {taskinstance.py:3280} INFO - 0 downstream tasks scheduled from follow-on schedule check
