[2025-07-28T12:46:23.911+0000] {taskinstance.py:1956} INFO - Dependencies all met for dep_context=non-requeueable deps ti=<TaskInstance: dbt_pipeline.dbt_build_supplier_mart manual__2025-07-28T12:44:30.180992+00:00 [queued]>
[2025-07-28T12:46:23.918+0000] {taskinstance.py:1956} INFO - Dependencies all met for dep_context=requeueable deps ti=<TaskInstance: dbt_pipeline.dbt_build_supplier_mart manual__2025-07-28T12:44:30.180992+00:00 [queued]>
[2025-07-28T12:46:23.919+0000] {taskinstance.py:2170} INFO - Starting attempt 1 of 2
[2025-07-28T12:46:23.925+0000] {taskinstance.py:2191} INFO - Executing <Task(BashOperator): dbt_build_supplier_mart> on 2025-07-28 12:44:30.180992+00:00
[2025-07-28T12:46:23.929+0000] {standard_task_runner.py:60} INFO - Started process 400 to run task
[2025-07-28T12:46:23.930+0000] {standard_task_runner.py:87} INFO - Running: ['***', 'tasks', 'run', 'dbt_pipeline', 'dbt_build_supplier_mart', 'manual__2025-07-28T12:44:30.180992+00:00', '--job-id', '44', '--raw', '--subdir', 'DAGS_FOLDER/dbt_pipeline.py', '--cfg-path', '/tmp/tmpr22s8ocv']
[2025-07-28T12:46:23.932+0000] {standard_task_runner.py:88} INFO - Job 44: Subtask dbt_build_supplier_mart
[2025-07-28T12:46:23.938+0000] {warnings.py:109} WARNING - /home/***/.local/lib/python3.8/site-packages/***/settings.py:194: DeprecationWarning: The sql_alchemy_conn option in [core] has been moved to the sql_alchemy_conn option in [database] - the old setting has been used, but please update your config.
  SQL_ALCHEMY_CONN = conf.get("database", "SQL_ALCHEMY_CONN")

[2025-07-28T12:46:23.961+0000] {task_command.py:423} INFO - Running <TaskInstance: dbt_pipeline.dbt_build_supplier_mart manual__2025-07-28T12:44:30.180992+00:00 [running]> on host 6ed405011aee
[2025-07-28T12:46:23.992+0000] {taskinstance.py:2480} INFO - Exporting env vars: AIRFLOW_CTX_DAG_OWNER='gotphoto' AIRFLOW_CTX_DAG_ID='dbt_pipeline' AIRFLOW_CTX_TASK_ID='dbt_build_supplier_mart' AIRFLOW_CTX_EXECUTION_DATE='2025-07-28T12:44:30.180992+00:00' AIRFLOW_CTX_TRY_NUMBER='1' AIRFLOW_CTX_DAG_RUN_ID='manual__2025-07-28T12:44:30.180992+00:00'
[2025-07-28T12:46:23.994+0000] {subprocess.py:63} INFO - Tmp dir root location: /tmp
[2025-07-28T12:46:23.995+0000] {subprocess.py:75} INFO - Running command: ['/usr/bin/bash', '-c', 'cd /opt/***/dbt_project && dbt build --select marts.supplier_analytics --project-dir . --profiles-dir profiles']
[2025-07-28T12:46:24.003+0000] {subprocess.py:86} INFO - Output:
[2025-07-28T12:46:24.658+0000] {subprocess.py:93} INFO - [0m12:46:24  Running with dbt=1.8.7
[2025-07-28T12:46:25.441+0000] {subprocess.py:93} INFO - [0m12:46:25  Registered adapter: snowflake=1.8.4
[2025-07-28T12:46:25.818+0000] {subprocess.py:93} INFO - [0m12:46:25  Found 27 models, 124 data tests, 8 sources, 569 macros
[2025-07-28T12:46:25.821+0000] {subprocess.py:93} INFO - [0m12:46:25
[2025-07-28T12:46:29.492+0000] {subprocess.py:93} INFO - [0m12:46:29  Concurrency: 1 threads (target='dev')
[2025-07-28T12:46:29.494+0000] {subprocess.py:93} INFO - [0m12:46:29
[2025-07-28T12:46:29.496+0000] {subprocess.py:93} INFO - [0m12:46:29  1 of 12 START sql table model SUPPLIER_ANALYTICS_MART.fact_supplier_performance  [RUN]
[2025-07-28T12:46:51.210+0000] {subprocess.py:93} INFO - [0m12:46:51  1 of 12 OK created sql table model SUPPLIER_ANALYTICS_MART.fact_supplier_performance  [[32mSUCCESS 1[0m in 21.71s]
[2025-07-28T12:46:51.212+0000] {subprocess.py:93} INFO - [0m12:46:51  2 of 12 START sql table model SUPPLIER_ANALYTICS_MART.fact_supplier_summary .... [RUN]
[2025-07-28T12:47:05.738+0000] {subprocess.py:93} INFO - [0m12:47:05  2 of 12 OK created sql table model SUPPLIER_ANALYTICS_MART.fact_supplier_summary  [[32mSUCCESS 1[0m in 14.52s]
[2025-07-28T12:47:05.739+0000] {subprocess.py:93} INFO - [0m12:47:05  3 of 12 START test dbt_utils_unique_combination_of_columns_fact_supplier_performance_supplier_key__order_key__line_number  [RUN]
[2025-07-28T12:47:07.778+0000] {subprocess.py:93} INFO - [0m12:47:07  3 of 12 PASS dbt_utils_unique_combination_of_columns_fact_supplier_performance_supplier_key__order_key__line_number  [[32mPASS[0m in 2.04s]
[2025-07-28T12:47:07.779+0000] {subprocess.py:93} INFO - [0m12:47:07  4 of 12 START test not_null_fact_supplier_performance_line_number .............. [RUN]
[2025-07-28T12:47:08.491+0000] {subprocess.py:93} INFO - [0m12:47:08  4 of 12 PASS not_null_fact_supplier_performance_line_number .................... [[32mPASS[0m in 0.71s]
[2025-07-28T12:47:08.492+0000] {subprocess.py:93} INFO - [0m12:47:08  5 of 12 START test not_null_fact_supplier_performance_order_key ................ [RUN]
[2025-07-28T12:47:09.267+0000] {subprocess.py:93} INFO - [0m12:47:09  5 of 12 PASS not_null_fact_supplier_performance_order_key ...................... [[32mPASS[0m in 0.77s]
[2025-07-28T12:47:09.269+0000] {subprocess.py:93} INFO - [0m12:47:09  6 of 12 START test not_null_fact_supplier_performance_supplier_key ............. [RUN]
[2025-07-28T12:47:10.076+0000] {subprocess.py:93} INFO - [0m12:47:10  6 of 12 PASS not_null_fact_supplier_performance_supplier_key ................... [[32mPASS[0m in 0.81s]
[2025-07-28T12:47:10.077+0000] {subprocess.py:93} INFO - [0m12:47:10  7 of 12 START test not_null_fact_supplier_performance_supplier_performance_fact_key  [RUN]
[2025-07-28T12:47:10.654+0000] {subprocess.py:93} INFO - [0m12:47:10  7 of 12 PASS not_null_fact_supplier_performance_supplier_performance_fact_key .. [[32mPASS[0m in 0.58s]
[2025-07-28T12:47:10.657+0000] {subprocess.py:93} INFO - [0m12:47:10  8 of 12 START test unique_fact_supplier_performance_supplier_performance_fact_key  [RUN]
[2025-07-28T12:47:12.942+0000] {subprocess.py:93} INFO - [0m12:47:12  8 of 12 PASS unique_fact_supplier_performance_supplier_performance_fact_key .... [[32mPASS[0m in 2.28s]
[2025-07-28T12:47:12.944+0000] {subprocess.py:93} INFO - [0m12:47:12  9 of 12 START test not_null_fact_supplier_summary_supplier_key ................. [RUN]
[2025-07-28T12:47:13.449+0000] {subprocess.py:93} INFO - [0m12:47:13  9 of 12 PASS not_null_fact_supplier_summary_supplier_key ....................... [[32mPASS[0m in 0.50s]
[2025-07-28T12:47:13.450+0000] {subprocess.py:93} INFO - [0m12:47:13  10 of 12 START test not_null_fact_supplier_summary_supplier_summary_fact_key ... [RUN]
[2025-07-28T12:47:13.891+0000] {subprocess.py:93} INFO - [0m12:47:13  10 of 12 PASS not_null_fact_supplier_summary_supplier_summary_fact_key ......... [[32mPASS[0m in 0.44s]
[2025-07-28T12:47:13.892+0000] {subprocess.py:93} INFO - [0m12:47:13  11 of 12 START test unique_fact_supplier_summary_supplier_key .................. [RUN]
[2025-07-28T12:47:14.447+0000] {subprocess.py:93} INFO - [0m12:47:14  11 of 12 PASS unique_fact_supplier_summary_supplier_key ........................ [[32mPASS[0m in 0.55s]
[2025-07-28T12:47:14.448+0000] {subprocess.py:93} INFO - [0m12:47:14  12 of 12 START test unique_fact_supplier_summary_supplier_summary_fact_key ..... [RUN]
[2025-07-28T12:47:14.968+0000] {subprocess.py:93} INFO - [0m12:47:14  12 of 12 PASS unique_fact_supplier_summary_supplier_summary_fact_key ........... [[32mPASS[0m in 0.52s]
[2025-07-28T12:47:14.971+0000] {subprocess.py:93} INFO - [0m12:47:14
[2025-07-28T12:47:14.971+0000] {subprocess.py:93} INFO - [0m12:47:14  Finished running 2 table models, 10 data tests in 0 hours 0 minutes and 49.15 seconds (49.15s).
[2025-07-28T12:47:15.050+0000] {subprocess.py:93} INFO - [0m12:47:15
[2025-07-28T12:47:15.050+0000] {subprocess.py:93} INFO - [0m12:47:15  [32mCompleted successfully[0m
[2025-07-28T12:47:15.050+0000] {subprocess.py:93} INFO - [0m12:47:15
[2025-07-28T12:47:15.050+0000] {subprocess.py:93} INFO - [0m12:47:15  Done. PASS=12 WARN=0 ERROR=0 SKIP=0 TOTAL=12
[2025-07-28T12:47:15.877+0000] {subprocess.py:97} INFO - Command exited with return code 0
[2025-07-28T12:47:15.908+0000] {taskinstance.py:1138} INFO - Marking task as SUCCESS. dag_id=dbt_pipeline, task_id=dbt_build_supplier_mart, execution_date=20250728T124430, start_date=20250728T124623, end_date=20250728T124715
[2025-07-28T12:47:15.929+0000] {local_task_job_runner.py:234} INFO - Task exited with return code 0
[2025-07-28T12:47:15.938+0000] {taskinstance.py:3280} INFO - 0 downstream tasks scheduled from follow-on schedule check
