[2025-07-28T12:44:47.039+0000] {taskinstance.py:1956} INFO - Dependencies all met for dep_context=non-requeueable deps ti=<TaskInstance: dbt_pipeline.dbt_build_staging manual__2025-07-28T12:44:30.180992+00:00 [queued]>
[2025-07-28T12:44:47.043+0000] {taskinstance.py:1956} INFO - Dependencies all met for dep_context=requeueable deps ti=<TaskInstance: dbt_pipeline.dbt_build_staging manual__2025-07-28T12:44:30.180992+00:00 [queued]>
[2025-07-28T12:44:47.043+0000] {taskinstance.py:2170} INFO - Starting attempt 1 of 2
[2025-07-28T12:44:47.049+0000] {taskinstance.py:2191} INFO - Executing <Task(BashOperator): dbt_build_staging> on 2025-07-28 12:44:30.180992+00:00
[2025-07-28T12:44:47.051+0000] {standard_task_runner.py:60} INFO - Started process 150 to run task
[2025-07-28T12:44:47.053+0000] {standard_task_runner.py:87} INFO - Running: ['***', 'tasks', 'run', 'dbt_pipeline', 'dbt_build_staging', 'manual__2025-07-28T12:44:30.180992+00:00', '--job-id', '41', '--raw', '--subdir', 'DAGS_FOLDER/dbt_pipeline.py', '--cfg-path', '/tmp/tmp7iw_dlvb']
[2025-07-28T12:44:47.054+0000] {standard_task_runner.py:88} INFO - Job 41: Subtask dbt_build_staging
[2025-07-28T12:44:47.061+0000] {warnings.py:109} WARNING - /home/***/.local/lib/python3.8/site-packages/***/settings.py:194: DeprecationWarning: The sql_alchemy_conn option in [core] has been moved to the sql_alchemy_conn option in [database] - the old setting has been used, but please update your config.
  SQL_ALCHEMY_CONN = conf.get("database", "SQL_ALCHEMY_CONN")

[2025-07-28T12:44:47.078+0000] {task_command.py:423} INFO - Running <TaskInstance: dbt_pipeline.dbt_build_staging manual__2025-07-28T12:44:30.180992+00:00 [running]> on host 6ed405011aee
[2025-07-28T12:44:47.113+0000] {taskinstance.py:2480} INFO - Exporting env vars: AIRFLOW_CTX_DAG_OWNER='gotphoto' AIRFLOW_CTX_DAG_ID='dbt_pipeline' AIRFLOW_CTX_TASK_ID='dbt_build_staging' AIRFLOW_CTX_EXECUTION_DATE='2025-07-28T12:44:30.180992+00:00' AIRFLOW_CTX_TRY_NUMBER='1' AIRFLOW_CTX_DAG_RUN_ID='manual__2025-07-28T12:44:30.180992+00:00'
[2025-07-28T12:44:47.114+0000] {subprocess.py:63} INFO - Tmp dir root location: /tmp
[2025-07-28T12:44:47.114+0000] {subprocess.py:75} INFO - Running command: ['/usr/bin/bash', '-c', 'cd /opt/***/dbt_project && dbt build --select staging --project-dir . --profiles-dir profiles']
[2025-07-28T12:44:47.119+0000] {subprocess.py:86} INFO - Output:
[2025-07-28T12:44:47.726+0000] {subprocess.py:93} INFO - [0m12:44:47  Running with dbt=1.8.7
[2025-07-28T12:44:48.156+0000] {subprocess.py:93} INFO - [0m12:44:48  Registered adapter: snowflake=1.8.4
[2025-07-28T12:44:48.490+0000] {subprocess.py:93} INFO - [0m12:44:48  Found 27 models, 124 data tests, 8 sources, 569 macros
[2025-07-28T12:44:48.493+0000] {subprocess.py:93} INFO - [0m12:44:48
[2025-07-28T12:44:51.912+0000] {subprocess.py:93} INFO - [0m12:44:51  Concurrency: 1 threads (target='dev')
[2025-07-28T12:44:51.913+0000] {subprocess.py:93} INFO - [0m12:44:51
[2025-07-28T12:44:51.915+0000] {subprocess.py:93} INFO - [0m12:44:51  1 of 36 START sql table model STAGING.stg_customers ............................ [RUN]
[2025-07-28T12:44:54.108+0000] {subprocess.py:93} INFO - [0m12:44:54  1 of 36 OK created sql table model STAGING.stg_customers ....................... [[32mSUCCESS 1[0m in 2.19s]
[2025-07-28T12:44:54.109+0000] {subprocess.py:93} INFO - [0m12:44:54  2 of 36 START sql table model STAGING.stg_lineitem ............................. [RUN]
[2025-07-28T12:45:00.998+0000] {subprocess.py:93} INFO - [0m12:45:00  2 of 36 OK created sql table model STAGING.stg_lineitem ........................ [[32mSUCCESS 1[0m in 6.89s]
[2025-07-28T12:45:00.999+0000] {subprocess.py:93} INFO - [0m12:45:00  3 of 36 START sql table model STAGING.stg_nation ............................... [RUN]
[2025-07-28T12:45:02.761+0000] {subprocess.py:93} INFO - [0m12:45:02  3 of 36 OK created sql table model STAGING.stg_nation .......................... [[32mSUCCESS 1[0m in 1.76s]
[2025-07-28T12:45:02.764+0000] {subprocess.py:93} INFO - [0m12:45:02  4 of 36 START sql table model STAGING.stg_orders ............................... [RUN]
[2025-07-28T12:45:05.612+0000] {subprocess.py:93} INFO - [0m12:45:05  4 of 36 OK created sql table model STAGING.stg_orders .......................... [[32mSUCCESS 1[0m in 2.85s]
[2025-07-28T12:45:05.614+0000] {subprocess.py:93} INFO - [0m12:45:05  5 of 36 START sql table model STAGING.stg_part ................................. [RUN]
[2025-07-28T12:45:07.722+0000] {subprocess.py:93} INFO - [0m12:45:07  5 of 36 OK created sql table model STAGING.stg_part ............................ [[32mSUCCESS 1[0m in 2.11s]
[2025-07-28T12:45:07.723+0000] {subprocess.py:93} INFO - [0m12:45:07  6 of 36 START sql table model STAGING.stg_partsupp ............................. [RUN]
[2025-07-28T12:45:10.343+0000] {subprocess.py:93} INFO - [0m12:45:10  6 of 36 OK created sql table model STAGING.stg_partsupp ........................ [[32mSUCCESS 1[0m in 2.62s]
[2025-07-28T12:45:10.346+0000] {subprocess.py:93} INFO - [0m12:45:10  7 of 36 START sql table model STAGING.stg_region ............................... [RUN]
[2025-07-28T12:45:11.922+0000] {subprocess.py:93} INFO - [0m12:45:11  7 of 36 OK created sql table model STAGING.stg_region .......................... [[32mSUCCESS 1[0m in 1.57s]
[2025-07-28T12:45:11.925+0000] {subprocess.py:93} INFO - [0m12:45:11  8 of 36 START sql table model STAGING.stg_supplier ............................. [RUN]
[2025-07-28T12:45:13.545+0000] {subprocess.py:93} INFO - [0m12:45:13  8 of 36 OK created sql table model STAGING.stg_supplier ........................ [[32mSUCCESS 1[0m in 1.62s]
[2025-07-28T12:45:13.549+0000] {subprocess.py:93} INFO - [0m12:45:13  9 of 36 START test not_null_stg_customers_customer_key ......................... [RUN]
[2025-07-28T12:45:15.309+0000] {subprocess.py:93} INFO - [0m12:45:15  9 of 36 PASS not_null_stg_customers_customer_key ............................... [[32mPASS[0m in 1.76s]
[2025-07-28T12:45:15.312+0000] {subprocess.py:93} INFO - [0m12:45:15  10 of 36 START test not_null_stg_customers_customer_name ....................... [RUN]
[2025-07-28T12:45:16.131+0000] {subprocess.py:93} INFO - [0m12:45:16  10 of 36 PASS not_null_stg_customers_customer_name ............................. [[32mPASS[0m in 0.82s]
[2025-07-28T12:45:16.133+0000] {subprocess.py:93} INFO - [0m12:45:16  11 of 36 START test not_null_stg_customers_nation_key .......................... [RUN]
[2025-07-28T12:45:16.713+0000] {subprocess.py:93} INFO - [0m12:45:16  11 of 36 PASS not_null_stg_customers_nation_key ................................ [[32mPASS[0m in 0.58s]
[2025-07-28T12:45:16.716+0000] {subprocess.py:93} INFO - [0m12:45:16  12 of 36 START test unique_stg_customers_customer_key .......................... [RUN]
[2025-07-28T12:45:17.438+0000] {subprocess.py:93} INFO - [0m12:45:17  12 of 36 PASS unique_stg_customers_customer_key ................................ [[32mPASS[0m in 0.72s]
[2025-07-28T12:45:17.441+0000] {subprocess.py:93} INFO - [0m12:45:17  13 of 36 START test dbt_utils_unique_combination_of_columns_stg_lineitem_order_key__line_number  [RUN]
[2025-07-28T12:45:18.413+0000] {subprocess.py:93} INFO - [0m12:45:18  13 of 36 PASS dbt_utils_unique_combination_of_columns_stg_lineitem_order_key__line_number  [[32mPASS[0m in 0.97s]
[2025-07-28T12:45:18.416+0000] {subprocess.py:93} INFO - [0m12:45:18  14 of 36 START test not_null_stg_lineitem_order_key ............................ [RUN]
[2025-07-28T12:45:18.976+0000] {subprocess.py:93} INFO - [0m12:45:18  14 of 36 PASS not_null_stg_lineitem_order_key .................................. [[32mPASS[0m in 0.56s]
[2025-07-28T12:45:18.979+0000] {subprocess.py:93} INFO - [0m12:45:18  15 of 36 START test not_null_stg_lineitem_part_key ............................. [RUN]
[2025-07-28T12:45:19.500+0000] {subprocess.py:93} INFO - [0m12:45:19  15 of 36 PASS not_null_stg_lineitem_part_key ................................... [[32mPASS[0m in 0.52s]
[2025-07-28T12:45:19.504+0000] {subprocess.py:93} INFO - [0m12:45:19  16 of 36 START test not_null_stg_lineitem_supplier_key ......................... [RUN]
[2025-07-28T12:45:19.984+0000] {subprocess.py:93} INFO - [0m12:45:19  16 of 36 PASS not_null_stg_lineitem_supplier_key ............................... [[32mPASS[0m in 0.48s]
[2025-07-28T12:45:19.987+0000] {subprocess.py:93} INFO - [0m12:45:19  17 of 36 START test not_null_stg_nation_nation_key ............................. [RUN]
[2025-07-28T12:45:20.552+0000] {subprocess.py:93} INFO - [0m12:45:20  17 of 36 PASS not_null_stg_nation_nation_key ................................... [[32mPASS[0m in 0.56s]
[2025-07-28T12:45:20.553+0000] {subprocess.py:93} INFO - [0m12:45:20  18 of 36 START test not_null_stg_nation_nation_name ............................ [RUN]
[2025-07-28T12:45:21.377+0000] {subprocess.py:93} INFO - [0m12:45:21  18 of 36 PASS not_null_stg_nation_nation_name .................................. [[32mPASS[0m in 0.82s]
[2025-07-28T12:45:21.383+0000] {subprocess.py:93} INFO - [0m12:45:21  19 of 36 START test not_null_stg_nation_region_key ............................. [RUN]
[2025-07-28T12:45:21.934+0000] {subprocess.py:93} INFO - [0m12:45:21  19 of 36 PASS not_null_stg_nation_region_key ................................... [[32mPASS[0m in 0.55s]
[2025-07-28T12:45:21.937+0000] {subprocess.py:93} INFO - [0m12:45:21  20 of 36 START test unique_stg_nation_nation_key ............................... [RUN]
[2025-07-28T12:45:22.420+0000] {subprocess.py:93} INFO - [0m12:45:22  20 of 36 PASS unique_stg_nation_nation_key ..................................... [[32mPASS[0m in 0.48s]
[2025-07-28T12:45:22.423+0000] {subprocess.py:93} INFO - [0m12:45:22  21 of 36 START test not_null_stg_orders_customer_key ........................... [RUN]
[2025-07-28T12:45:23.071+0000] {subprocess.py:93} INFO - [0m12:45:23  21 of 36 PASS not_null_stg_orders_customer_key ................................. [[32mPASS[0m in 0.65s]
[2025-07-28T12:45:23.073+0000] {subprocess.py:93} INFO - [0m12:45:23  22 of 36 START test not_null_stg_orders_order_key .............................. [RUN]
[2025-07-28T12:45:23.840+0000] {subprocess.py:93} INFO - [0m12:45:23  22 of 36 PASS not_null_stg_orders_order_key .................................... [[32mPASS[0m in 0.76s]
[2025-07-28T12:45:23.843+0000] {subprocess.py:93} INFO - [0m12:45:23  23 of 36 START test unique_stg_orders_order_key ................................ [RUN]
[2025-07-28T12:45:24.685+0000] {subprocess.py:93} INFO - [0m12:45:24  23 of 36 PASS unique_stg_orders_order_key ...................................... [[32mPASS[0m in 0.84s]
[2025-07-28T12:45:24.688+0000] {subprocess.py:93} INFO - [0m12:45:24  24 of 36 START test not_null_stg_part_part_key ................................. [RUN]
[2025-07-28T12:45:25.238+0000] {subprocess.py:93} INFO - [0m12:45:25  24 of 36 PASS not_null_stg_part_part_key ....................................... [[32mPASS[0m in 0.55s]
[2025-07-28T12:45:25.240+0000] {subprocess.py:93} INFO - [0m12:45:25  25 of 36 START test not_null_stg_part_part_name ................................ [RUN]
[2025-07-28T12:45:25.798+0000] {subprocess.py:93} INFO - [0m12:45:25  25 of 36 PASS not_null_stg_part_part_name ...................................... [[32mPASS[0m in 0.56s]
[2025-07-28T12:45:25.800+0000] {subprocess.py:93} INFO - [0m12:45:25  26 of 36 START test unique_stg_part_part_key ................................... [RUN]
[2025-07-28T12:45:26.428+0000] {subprocess.py:93} INFO - [0m12:45:26  26 of 36 PASS unique_stg_part_part_key ......................................... [[32mPASS[0m in 0.63s]
[2025-07-28T12:45:26.430+0000] {subprocess.py:93} INFO - [0m12:45:26  27 of 36 START test dbt_utils_unique_combination_of_columns_stg_partsupp_part_key__supplier_key  [RUN]
[2025-07-28T12:45:27.122+0000] {subprocess.py:93} INFO - [0m12:45:27  27 of 36 PASS dbt_utils_unique_combination_of_columns_stg_partsupp_part_key__supplier_key  [[32mPASS[0m in 0.69s]
[2025-07-28T12:45:27.125+0000] {subprocess.py:93} INFO - [0m12:45:27  28 of 36 START test not_null_stg_partsupp_part_key ............................. [RUN]
[2025-07-28T12:45:27.724+0000] {subprocess.py:93} INFO - [0m12:45:27  28 of 36 PASS not_null_stg_partsupp_part_key ................................... [[32mPASS[0m in 0.60s]
[2025-07-28T12:45:27.727+0000] {subprocess.py:93} INFO - [0m12:45:27  29 of 36 START test not_null_stg_partsupp_supplier_key ......................... [RUN]
[2025-07-28T12:45:28.261+0000] {subprocess.py:93} INFO - [0m12:45:28  29 of 36 PASS not_null_stg_partsupp_supplier_key ............................... [[32mPASS[0m in 0.53s]
[2025-07-28T12:45:28.263+0000] {subprocess.py:93} INFO - [0m12:45:28  30 of 36 START test not_null_stg_region_region_key ............................. [RUN]
[2025-07-28T12:45:28.807+0000] {subprocess.py:93} INFO - [0m12:45:28  30 of 36 PASS not_null_stg_region_region_key ................................... [[32mPASS[0m in 0.54s]
[2025-07-28T12:45:28.814+0000] {subprocess.py:93} INFO - [0m12:45:28  31 of 36 START test not_null_stg_region_region_name ............................ [RUN]
[2025-07-28T12:45:29.461+0000] {subprocess.py:93} INFO - [0m12:45:29  31 of 36 PASS not_null_stg_region_region_name .................................. [[32mPASS[0m in 0.64s]
[2025-07-28T12:45:29.462+0000] {subprocess.py:93} INFO - [0m12:45:29  32 of 36 START test unique_stg_region_region_key ............................... [RUN]
[2025-07-28T12:45:30.087+0000] {subprocess.py:93} INFO - [0m12:45:30  32 of 36 PASS unique_stg_region_region_key ..................................... [[32mPASS[0m in 0.62s]
[2025-07-28T12:45:30.097+0000] {subprocess.py:93} INFO - [0m12:45:30  33 of 36 START test not_null_stg_supplier_nation_key ........................... [RUN]
[2025-07-28T12:45:30.662+0000] {subprocess.py:93} INFO - [0m12:45:30  33 of 36 PASS not_null_stg_supplier_nation_key ................................. [[32mPASS[0m in 0.56s]
[2025-07-28T12:45:30.663+0000] {subprocess.py:93} INFO - [0m12:45:30  34 of 36 START test not_null_stg_supplier_supplier_key ......................... [RUN]
[2025-07-28T12:45:31.197+0000] {subprocess.py:93} INFO - [0m12:45:31  34 of 36 PASS not_null_stg_supplier_supplier_key ............................... [[32mPASS[0m in 0.53s]
[2025-07-28T12:45:31.198+0000] {subprocess.py:93} INFO - [0m12:45:31  35 of 36 START test not_null_stg_supplier_supplier_name ........................ [RUN]
[2025-07-28T12:45:31.735+0000] {subprocess.py:93} INFO - [0m12:45:31  35 of 36 PASS not_null_stg_supplier_supplier_name .............................. [[32mPASS[0m in 0.54s]
[2025-07-28T12:45:31.738+0000] {subprocess.py:93} INFO - [0m12:45:31  36 of 36 START test unique_stg_supplier_supplier_key ........................... [RUN]
[2025-07-28T12:45:32.142+0000] {subprocess.py:93} INFO - [0m12:45:32  36 of 36 PASS unique_stg_supplier_supplier_key ................................. [[32mPASS[0m in 0.40s]
[2025-07-28T12:45:32.148+0000] {subprocess.py:93} INFO - [0m12:45:32
[2025-07-28T12:45:32.149+0000] {subprocess.py:93} INFO - [0m12:45:32  Finished running 8 table models, 28 data tests in 0 hours 0 minutes and 43.65 seconds (43.65s).
[2025-07-28T12:45:32.217+0000] {subprocess.py:93} INFO - [0m12:45:32
[2025-07-28T12:45:32.217+0000] {subprocess.py:93} INFO - [0m12:45:32  [32mCompleted successfully[0m
[2025-07-28T12:45:32.217+0000] {subprocess.py:93} INFO - [0m12:45:32
[2025-07-28T12:45:32.218+0000] {subprocess.py:93} INFO - [0m12:45:32  Done. PASS=36 WARN=0 ERROR=0 SKIP=0 TOTAL=36
[2025-07-28T12:45:33.054+0000] {subprocess.py:97} INFO - Command exited with return code 0
[2025-07-28T12:45:33.067+0000] {taskinstance.py:1138} INFO - Marking task as SUCCESS. dag_id=dbt_pipeline, task_id=dbt_build_staging, execution_date=20250728T124430, start_date=20250728T124447, end_date=20250728T124533
[2025-07-28T12:45:33.113+0000] {local_task_job_runner.py:234} INFO - Task exited with return code 0
[2025-07-28T12:45:33.125+0000] {taskinstance.py:3280} INFO - 1 downstream tasks scheduled from follow-on schedule check
