[2025-07-28T12:45:56.034+0000] {taskinstance.py:1956} INFO - Dependencies all met for dep_context=non-requeueable deps ti=<TaskInstance: dbt_pipeline.dbt_build_dimensions manual__2025-07-28T12:44:30.180992+00:00 [queued]>
[2025-07-28T12:45:56.036+0000] {taskinstance.py:1956} INFO - Dependencies all met for dep_context=requeueable deps ti=<TaskInstance: dbt_pipeline.dbt_build_dimensions manual__2025-07-28T12:44:30.180992+00:00 [queued]>
[2025-07-28T12:45:56.036+0000] {taskinstance.py:2170} INFO - Starting attempt 1 of 2
[2025-07-28T12:45:56.040+0000] {taskinstance.py:2191} INFO - Executing <Task(BashOperator): dbt_build_dimensions> on 2025-07-28 12:44:30.180992+00:00
[2025-07-28T12:45:56.042+0000] {standard_task_runner.py:60} INFO - Started process 315 to run task
[2025-07-28T12:45:56.044+0000] {standard_task_runner.py:87} INFO - Running: ['***', 'tasks', 'run', 'dbt_pipeline', 'dbt_build_dimensions', 'manual__2025-07-28T12:44:30.180992+00:00', '--job-id', '43', '--raw', '--subdir', 'DAGS_FOLDER/dbt_pipeline.py', '--cfg-path', '/tmp/tmp1ks5pzop']
[2025-07-28T12:45:56.045+0000] {standard_task_runner.py:88} INFO - Job 43: Subtask dbt_build_dimensions
[2025-07-28T12:45:56.050+0000] {warnings.py:109} WARNING - /home/***/.local/lib/python3.8/site-packages/***/settings.py:194: DeprecationWarning: The sql_alchemy_conn option in [core] has been moved to the sql_alchemy_conn option in [database] - the old setting has been used, but please update your config.
  SQL_ALCHEMY_CONN = conf.get("database", "SQL_ALCHEMY_CONN")

[2025-07-28T12:45:56.069+0000] {task_command.py:423} INFO - Running <TaskInstance: dbt_pipeline.dbt_build_dimensions manual__2025-07-28T12:44:30.180992+00:00 [running]> on host 6ed405011aee
[2025-07-28T12:45:56.095+0000] {taskinstance.py:2480} INFO - Exporting env vars: AIRFLOW_CTX_DAG_OWNER='gotphoto' AIRFLOW_CTX_DAG_ID='dbt_pipeline' AIRFLOW_CTX_TASK_ID='dbt_build_dimensions' AIRFLOW_CTX_EXECUTION_DATE='2025-07-28T12:44:30.180992+00:00' AIRFLOW_CTX_TRY_NUMBER='1' AIRFLOW_CTX_DAG_RUN_ID='manual__2025-07-28T12:44:30.180992+00:00'
[2025-07-28T12:45:56.096+0000] {subprocess.py:63} INFO - Tmp dir root location: /tmp
[2025-07-28T12:45:56.096+0000] {subprocess.py:75} INFO - Running command: ['/usr/bin/bash', '-c', 'cd /opt/***/dbt_project && dbt build --select dimensions --project-dir . --profiles-dir profiles']
[2025-07-28T12:45:56.100+0000] {subprocess.py:86} INFO - Output:
[2025-07-28T12:45:56.625+0000] {subprocess.py:93} INFO - [0m12:45:56  Running with dbt=1.8.7
[2025-07-28T12:45:57.007+0000] {subprocess.py:93} INFO - [0m12:45:57  Registered adapter: snowflake=1.8.4
[2025-07-28T12:45:57.327+0000] {subprocess.py:93} INFO - [0m12:45:57  Found 27 models, 124 data tests, 8 sources, 569 macros
[2025-07-28T12:45:57.331+0000] {subprocess.py:93} INFO - [0m12:45:57
[2025-07-28T12:46:01.796+0000] {subprocess.py:93} INFO - [0m12:46:01  Concurrency: 1 threads (target='dev')
[2025-07-28T12:46:01.797+0000] {subprocess.py:93} INFO - [0m12:46:01
[2025-07-28T12:46:01.801+0000] {subprocess.py:93} INFO - [0m12:46:01  1 of 25 START sql table model DIMENSIONS.dim_customers ......................... [RUN]
[2025-07-28T12:46:03.742+0000] {subprocess.py:93} INFO - [0m12:46:03  1 of 25 OK created sql table model DIMENSIONS.dim_customers .................... [[32mSUCCESS 1[0m in 1.94s]
[2025-07-28T12:46:03.744+0000] {subprocess.py:93} INFO - [0m12:46:03  2 of 25 START sql table model DIMENSIONS.dim_date .............................. [RUN]
[2025-07-28T12:46:05.423+0000] {subprocess.py:93} INFO - [0m12:46:05  2 of 25 OK created sql table model DIMENSIONS.dim_date ......................... [[32mSUCCESS 1[0m in 1.68s]
[2025-07-28T12:46:05.424+0000] {subprocess.py:93} INFO - [0m12:46:05  3 of 25 START sql table model DIMENSIONS.dim_geo ............................... [RUN]
[2025-07-28T12:46:06.982+0000] {subprocess.py:93} INFO - [0m12:46:06  3 of 25 OK created sql table model DIMENSIONS.dim_geo .......................... [[32mSUCCESS 1[0m in 1.56s]
[2025-07-28T12:46:06.985+0000] {subprocess.py:93} INFO - [0m12:46:06  4 of 25 START sql table model DIMENSIONS.dim_product ........................... [RUN]
[2025-07-28T12:46:09.146+0000] {subprocess.py:93} INFO - [0m12:46:09  4 of 25 OK created sql table model DIMENSIONS.dim_product ...................... [[32mSUCCESS 1[0m in 2.16s]
[2025-07-28T12:46:09.148+0000] {subprocess.py:93} INFO - [0m12:46:09  5 of 25 START sql table model DIMENSIONS.dim_supplier .......................... [RUN]
[2025-07-28T12:46:10.727+0000] {subprocess.py:93} INFO - [0m12:46:10  5 of 25 OK created sql table model DIMENSIONS.dim_supplier ..................... [[32mSUCCESS 1[0m in 1.58s]
[2025-07-28T12:46:10.728+0000] {subprocess.py:93} INFO - [0m12:46:10  6 of 25 START test not_null_dim_customers_customer_key ......................... [RUN]
[2025-07-28T12:46:11.245+0000] {subprocess.py:93} INFO - [0m12:46:11  6 of 25 PASS not_null_dim_customers_customer_key ............................... [[32mPASS[0m in 0.52s]
[2025-07-28T12:46:11.248+0000] {subprocess.py:93} INFO - [0m12:46:11  7 of 25 START test not_null_dim_customers_customer_name ........................ [RUN]
[2025-07-28T12:46:11.828+0000] {subprocess.py:93} INFO - [0m12:46:11  7 of 25 PASS not_null_dim_customers_customer_name .............................. [[32mPASS[0m in 0.58s]
[2025-07-28T12:46:11.831+0000] {subprocess.py:93} INFO - [0m12:46:11  8 of 25 START test unique_dim_customers_customer_key ........................... [RUN]
[2025-07-28T12:46:12.385+0000] {subprocess.py:93} INFO - [0m12:46:12  8 of 25 PASS unique_dim_customers_customer_key ................................. [[32mPASS[0m in 0.55s]
[2025-07-28T12:46:12.389+0000] {subprocess.py:93} INFO - [0m12:46:12  9 of 25 START test not_null_dim_date_date_key .................................. [RUN]
[2025-07-28T12:46:12.988+0000] {subprocess.py:93} INFO - [0m12:46:12  9 of 25 PASS not_null_dim_date_date_key ........................................ [[32mPASS[0m in 0.60s]
[2025-07-28T12:46:12.991+0000] {subprocess.py:93} INFO - [0m12:46:12  10 of 25 START test not_null_dim_date_day ...................................... [RUN]
[2025-07-28T12:46:13.412+0000] {subprocess.py:93} INFO - [0m12:46:13  10 of 25 PASS not_null_dim_date_day ............................................ [[32mPASS[0m in 0.42s]
[2025-07-28T12:46:13.413+0000] {subprocess.py:93} INFO - [0m12:46:13  11 of 25 START test not_null_dim_date_full_date ................................ [RUN]
[2025-07-28T12:46:13.992+0000] {subprocess.py:93} INFO - [0m12:46:13  11 of 25 PASS not_null_dim_date_full_date ...................................... [[32mPASS[0m in 0.58s]
[2025-07-28T12:46:13.995+0000] {subprocess.py:93} INFO - [0m12:46:13  12 of 25 START test not_null_dim_date_month .................................... [RUN]
[2025-07-28T12:46:14.609+0000] {subprocess.py:93} INFO - [0m12:46:14  12 of 25 PASS not_null_dim_date_month .......................................... [[32mPASS[0m in 0.61s]
[2025-07-28T12:46:14.613+0000] {subprocess.py:93} INFO - [0m12:46:14  13 of 25 START test not_null_dim_date_year ..................................... [RUN]
[2025-07-28T12:46:15.063+0000] {subprocess.py:93} INFO - [0m12:46:15  13 of 25 PASS not_null_dim_date_year ........................................... [[32mPASS[0m in 0.45s]
[2025-07-28T12:46:15.065+0000] {subprocess.py:93} INFO - [0m12:46:15  14 of 25 START test unique_dim_date_date_key ................................... [RUN]
[2025-07-28T12:46:16.532+0000] {subprocess.py:93} INFO - [0m12:46:16  14 of 25 PASS unique_dim_date_date_key ......................................... [[32mPASS[0m in 1.47s]
[2025-07-28T12:46:16.535+0000] {subprocess.py:93} INFO - [0m12:46:16  15 of 25 START test not_null_dim_geo_nation_key ................................ [RUN]
[2025-07-28T12:46:17.136+0000] {subprocess.py:93} INFO - [0m12:46:17  15 of 25 PASS not_null_dim_geo_nation_key ...................................... [[32mPASS[0m in 0.60s]
[2025-07-28T12:46:17.138+0000] {subprocess.py:93} INFO - [0m12:46:17  16 of 25 START test not_null_dim_geo_nation_name ............................... [RUN]
[2025-07-28T12:46:17.736+0000] {subprocess.py:93} INFO - [0m12:46:17  16 of 25 PASS not_null_dim_geo_nation_name ..................................... [[32mPASS[0m in 0.60s]
[2025-07-28T12:46:17.738+0000] {subprocess.py:93} INFO - [0m12:46:17  17 of 25 START test not_null_dim_geo_region_key ................................ [RUN]
[2025-07-28T12:46:18.248+0000] {subprocess.py:93} INFO - [0m12:46:18  17 of 25 PASS not_null_dim_geo_region_key ...................................... [[32mPASS[0m in 0.51s]
[2025-07-28T12:46:18.251+0000] {subprocess.py:93} INFO - [0m12:46:18  18 of 25 START test not_null_dim_geo_region_name ............................... [RUN]
[2025-07-28T12:46:18.690+0000] {subprocess.py:93} INFO - [0m12:46:18  18 of 25 PASS not_null_dim_geo_region_name ..................................... [[32mPASS[0m in 0.44s]
[2025-07-28T12:46:18.692+0000] {subprocess.py:93} INFO - [0m12:46:18  19 of 25 START test unique_dim_geo_nation_key .................................. [RUN]
[2025-07-28T12:46:19.201+0000] {subprocess.py:93} INFO - [0m12:46:19  19 of 25 PASS unique_dim_geo_nation_key ........................................ [[32mPASS[0m in 0.51s]
[2025-07-28T12:46:19.204+0000] {subprocess.py:93} INFO - [0m12:46:19  20 of 25 START test not_null_dim_product_part_key .............................. [RUN]
[2025-07-28T12:46:19.725+0000] {subprocess.py:93} INFO - [0m12:46:19  20 of 25 PASS not_null_dim_product_part_key .................................... [[32mPASS[0m in 0.52s]
[2025-07-28T12:46:19.727+0000] {subprocess.py:93} INFO - [0m12:46:19  21 of 25 START test not_null_dim_product_part_name ............................. [RUN]
[2025-07-28T12:46:20.490+0000] {subprocess.py:93} INFO - [0m12:46:20  21 of 25 PASS not_null_dim_product_part_name ................................... [[32mPASS[0m in 0.76s]
[2025-07-28T12:46:20.493+0000] {subprocess.py:93} INFO - [0m12:46:20  22 of 25 START test unique_dim_product_part_key ................................ [RUN]
[2025-07-28T12:46:21.076+0000] {subprocess.py:93} INFO - [0m12:46:21  22 of 25 PASS unique_dim_product_part_key ...................................... [[32mPASS[0m in 0.58s]
[2025-07-28T12:46:21.079+0000] {subprocess.py:93} INFO - [0m12:46:21  23 of 25 START test not_null_dim_supplier_supplier_key ......................... [RUN]
[2025-07-28T12:46:21.520+0000] {subprocess.py:93} INFO - [0m12:46:21  23 of 25 PASS not_null_dim_supplier_supplier_key ............................... [[32mPASS[0m in 0.44s]
[2025-07-28T12:46:21.523+0000] {subprocess.py:93} INFO - [0m12:46:21  24 of 25 START test not_null_dim_supplier_supplier_name ........................ [RUN]
[2025-07-28T12:46:22.047+0000] {subprocess.py:93} INFO - [0m12:46:22  24 of 25 PASS not_null_dim_supplier_supplier_name .............................. [[32mPASS[0m in 0.52s]
[2025-07-28T12:46:22.050+0000] {subprocess.py:93} INFO - [0m12:46:22  25 of 25 START test unique_dim_supplier_supplier_key ........................... [RUN]
[2025-07-28T12:46:22.582+0000] {subprocess.py:93} INFO - [0m12:46:22  25 of 25 PASS unique_dim_supplier_supplier_key ................................. [[32mPASS[0m in 0.53s]
[2025-07-28T12:46:22.587+0000] {subprocess.py:93} INFO - [0m12:46:22
[2025-07-28T12:46:22.588+0000] {subprocess.py:93} INFO - [0m12:46:22  Finished running 5 table models, 20 data tests in 0 hours 0 minutes and 25.26 seconds (25.26s).
[2025-07-28T12:46:22.655+0000] {subprocess.py:93} INFO - [0m12:46:22
[2025-07-28T12:46:22.655+0000] {subprocess.py:93} INFO - [0m12:46:22  [32mCompleted successfully[0m
[2025-07-28T12:46:22.656+0000] {subprocess.py:93} INFO - [0m12:46:22
[2025-07-28T12:46:22.656+0000] {subprocess.py:93} INFO - [0m12:46:22  Done. PASS=25 WARN=0 ERROR=0 SKIP=0 TOTAL=25
[2025-07-28T12:46:23.336+0000] {subprocess.py:97} INFO - Command exited with return code 0
[2025-07-28T12:46:23.347+0000] {taskinstance.py:1138} INFO - Marking task as SUCCESS. dag_id=dbt_pipeline, task_id=dbt_build_dimensions, execution_date=20250728T124430, start_date=20250728T124556, end_date=20250728T124623
[2025-07-28T12:46:23.389+0000] {local_task_job_runner.py:234} INFO - Task exited with return code 0
[2025-07-28T12:46:23.399+0000] {taskinstance.py:3280} INFO - 4 downstream tasks scheduled from follow-on schedule check
