[2025-07-28T12:39:40.144+0000] {taskinstance.py:1956} INFO - Dependencies all met for dep_context=non-requeueable deps ti=<TaskInstance: dbt_pipeline.dbt_build_intermediate scheduled__2025-07-27T00:00:00+00:00 [queued]>
[2025-07-28T12:39:40.148+0000] {taskinstance.py:1956} INFO - Dependencies all met for dep_context=requeueable deps ti=<TaskInstance: dbt_pipeline.dbt_build_intermediate scheduled__2025-07-27T00:00:00+00:00 [queued]>
[2025-07-28T12:39:40.148+0000] {taskinstance.py:2170} INFO - Starting attempt 1 of 2
[2025-07-28T12:39:40.152+0000] {taskinstance.py:2191} INFO - Executing <Task(BashOperator): dbt_build_intermediate> on 2025-07-27 00:00:00+00:00
[2025-07-28T12:39:40.154+0000] {standard_task_runner.py:60} INFO - Started process 280 to run task
[2025-07-28T12:39:40.156+0000] {standard_task_runner.py:87} INFO - Running: ['***', 'tasks', 'run', 'dbt_pipeline', 'dbt_build_intermediate', 'scheduled__2025-07-27T00:00:00+00:00', '--job-id', '31', '--raw', '--subdir', 'DAGS_FOLDER/dbt_pipeline.py', '--cfg-path', '/tmp/tmp0pq37ben']
[2025-07-28T12:39:40.157+0000] {standard_task_runner.py:88} INFO - Job 31: Subtask dbt_build_intermediate
[2025-07-28T12:39:40.164+0000] {warnings.py:109} WARNING - /home/***/.local/lib/python3.8/site-packages/***/settings.py:194: DeprecationWarning: The sql_alchemy_conn option in [core] has been moved to the sql_alchemy_conn option in [database] - the old setting has been used, but please update your config.
  SQL_ALCHEMY_CONN = conf.get("database", "SQL_ALCHEMY_CONN")

[2025-07-28T12:39:40.184+0000] {task_command.py:423} INFO - Running <TaskInstance: dbt_pipeline.dbt_build_intermediate scheduled__2025-07-27T00:00:00+00:00 [running]> on host 26b399183f28
[2025-07-28T12:39:40.209+0000] {taskinstance.py:2480} INFO - Exporting env vars: AIRFLOW_CTX_DAG_OWNER='gotphoto' AIRFLOW_CTX_DAG_ID='dbt_pipeline' AIRFLOW_CTX_TASK_ID='dbt_build_intermediate' AIRFLOW_CTX_EXECUTION_DATE='2025-07-27T00:00:00+00:00' AIRFLOW_CTX_TRY_NUMBER='1' AIRFLOW_CTX_DAG_RUN_ID='scheduled__2025-07-27T00:00:00+00:00'
[2025-07-28T12:39:40.212+0000] {subprocess.py:63} INFO - Tmp dir root location: /tmp
[2025-07-28T12:39:40.212+0000] {subprocess.py:75} INFO - Running command: ['/usr/bin/bash', '-c', 'cd /opt/***/dbt_project && dbt build --select intermediate --project-dir . --profiles-dir profiles']
[2025-07-28T12:39:40.216+0000] {subprocess.py:86} INFO - Output:
[2025-07-28T12:39:40.899+0000] {subprocess.py:93} INFO - [0m12:39:40  Running with dbt=1.8.7
[2025-07-28T12:39:41.531+0000] {subprocess.py:93} INFO - [0m12:39:41  Registered adapter: snowflake=1.8.4
[2025-07-28T12:39:41.842+0000] {subprocess.py:93} INFO - [0m12:39:41  Found 27 models, 124 data tests, 8 sources, 569 macros
[2025-07-28T12:39:41.844+0000] {subprocess.py:93} INFO - [0m12:39:41
[2025-07-28T12:39:45.297+0000] {subprocess.py:93} INFO - [0m12:39:45  Concurrency: 1 threads (target='dev')
[2025-07-28T12:39:45.297+0000] {subprocess.py:93} INFO - [0m12:39:45
[2025-07-28T12:39:45.299+0000] {subprocess.py:93} INFO - [0m12:39:45  1 of 8 START sql table model INTERMEDIATE.int_customer_geo ..................... [RUN]
[2025-07-28T12:39:47.410+0000] {subprocess.py:93} INFO - [0m12:39:47  1 of 8 OK created sql table model INTERMEDIATE.int_customer_geo ................ [[32mSUCCESS 1[0m in 2.11s]
[2025-07-28T12:39:47.412+0000] {subprocess.py:93} INFO - [0m12:39:47  2 of 8 START sql table model INTERMEDIATE.int_lineitem_orders .................. [RUN]
[2025-07-28T12:39:52.660+0000] {subprocess.py:93} INFO - [0m12:39:52  2 of 8 OK created sql table model INTERMEDIATE.int_lineitem_orders ............. [[32mSUCCESS 1[0m in 5.25s]
[2025-07-28T12:39:52.664+0000] {subprocess.py:93} INFO - [0m12:39:52  3 of 8 START sql table model INTERMEDIATE.int_product_supplier_cost ............ [RUN]
[2025-07-28T12:39:55.183+0000] {subprocess.py:93} INFO - [0m12:39:55  3 of 8 OK created sql table model INTERMEDIATE.int_product_supplier_cost ....... [[32mSUCCESS 1[0m in 2.52s]
[2025-07-28T12:39:55.186+0000] {subprocess.py:93} INFO - [0m12:39:55  4 of 8 START test unique_int_customer_geo_customer_key ......................... [RUN]
[2025-07-28T12:39:55.879+0000] {subprocess.py:93} INFO - [0m12:39:55  4 of 8 PASS unique_int_customer_geo_customer_key ............................... [[32mPASS[0m in 0.69s]
[2025-07-28T12:39:55.880+0000] {subprocess.py:93} INFO - [0m12:39:55  5 of 8 START test dbt_utils_unique_combination_of_columns_int_lineitem_orders_order_key__line_number  [RUN]
[2025-07-28T12:39:56.815+0000] {subprocess.py:93} INFO - [0m12:39:56  5 of 8 PASS dbt_utils_unique_combination_of_columns_int_lineitem_orders_order_key__line_number  [[32mPASS[0m in 0.93s]
[2025-07-28T12:39:56.817+0000] {subprocess.py:93} INFO - [0m12:39:56  6 of 8 START test dbt_utils_unique_combination_of_columns_int_product_supplier_cost_part_key__supplier_key  [RUN]
[2025-07-28T12:39:57.512+0000] {subprocess.py:93} INFO - [0m12:39:57  6 of 8 PASS dbt_utils_unique_combination_of_columns_int_product_supplier_cost_part_key__supplier_key  [[32mPASS[0m in 0.69s]
[2025-07-28T12:39:57.514+0000] {subprocess.py:93} INFO - [0m12:39:57  7 of 8 START sql table model INTERMEDIATE.int_line_pricing_calcs ............... [RUN]
[2025-07-28T12:40:01.720+0000] {subprocess.py:93} INFO - [0m12:40:01  7 of 8 OK created sql table model INTERMEDIATE.int_line_pricing_calcs .......... [[32mSUCCESS 1[0m in 4.20s]
[2025-07-28T12:40:01.723+0000] {subprocess.py:93} INFO - [0m12:40:01  8 of 8 START test dbt_utils_unique_combination_of_columns_int_line_pricing_calcs_order_key__line_number  [RUN]
[2025-07-28T12:40:02.732+0000] {subprocess.py:93} INFO - [0m12:40:02  8 of 8 PASS dbt_utils_unique_combination_of_columns_int_line_pricing_calcs_order_key__line_number  [[32mPASS[0m in 1.01s]
[2025-07-28T12:40:02.737+0000] {subprocess.py:93} INFO - [0m12:40:02
[2025-07-28T12:40:02.737+0000] {subprocess.py:93} INFO - [0m12:40:02  Finished running 4 table models, 4 data tests in 0 hours 0 minutes and 20.89 seconds (20.89s).
[2025-07-28T12:40:02.804+0000] {subprocess.py:93} INFO - [0m12:40:02
[2025-07-28T12:40:02.804+0000] {subprocess.py:93} INFO - [0m12:40:02  [32mCompleted successfully[0m
[2025-07-28T12:40:02.805+0000] {subprocess.py:93} INFO - [0m12:40:02
[2025-07-28T12:40:02.805+0000] {subprocess.py:93} INFO - [0m12:40:02  Done. PASS=8 WARN=0 ERROR=0 SKIP=0 TOTAL=8
[2025-07-28T12:40:03.516+0000] {subprocess.py:97} INFO - Command exited with return code 0
[2025-07-28T12:40:03.527+0000] {taskinstance.py:1138} INFO - Marking task as SUCCESS. dag_id=dbt_pipeline, task_id=dbt_build_intermediate, execution_date=20250727T000000, start_date=20250728T123940, end_date=20250728T124003
[2025-07-28T12:40:03.548+0000] {local_task_job_runner.py:234} INFO - Task exited with return code 0
[2025-07-28T12:40:03.557+0000] {taskinstance.py:3280} INFO - 1 downstream tasks scheduled from follow-on schedule check
