[2025-07-28T12:45:33.419+0000] {taskinstance.py:1956} INFO - Dependencies all met for dep_context=non-requeueable deps ti=<TaskInstance: dbt_pipeline.dbt_build_intermediate manual__2025-07-28T12:44:30.180992+00:00 [queued]>
[2025-07-28T12:45:33.422+0000] {taskinstance.py:1956} INFO - Dependencies all met for dep_context=requeueable deps ti=<TaskInstance: dbt_pipeline.dbt_build_intermediate manual__2025-07-28T12:44:30.180992+00:00 [queued]>
[2025-07-28T12:45:33.422+0000] {taskinstance.py:2170} INFO - Starting attempt 1 of 2
[2025-07-28T12:45:33.426+0000] {taskinstance.py:2191} INFO - Executing <Task(BashOperator): dbt_build_intermediate> on 2025-07-28 12:44:30.180992+00:00
[2025-07-28T12:45:33.427+0000] {standard_task_runner.py:60} INFO - Started process 258 to run task
[2025-07-28T12:45:33.429+0000] {standard_task_runner.py:87} INFO - Running: ['***', 'tasks', 'run', 'dbt_pipeline', 'dbt_build_intermediate', 'manual__2025-07-28T12:44:30.180992+00:00', '--job-id', '42', '--raw', '--subdir', 'DAGS_FOLDER/dbt_pipeline.py', '--cfg-path', '/tmp/tmpo2g06ff8']
[2025-07-28T12:45:33.430+0000] {standard_task_runner.py:88} INFO - Job 42: Subtask dbt_build_intermediate
[2025-07-28T12:45:33.435+0000] {warnings.py:109} WARNING - /home/***/.local/lib/python3.8/site-packages/***/settings.py:194: DeprecationWarning: The sql_alchemy_conn option in [core] has been moved to the sql_alchemy_conn option in [database] - the old setting has been used, but please update your config.
  SQL_ALCHEMY_CONN = conf.get("database", "SQL_ALCHEMY_CONN")

[2025-07-28T12:45:33.450+0000] {task_command.py:423} INFO - Running <TaskInstance: dbt_pipeline.dbt_build_intermediate manual__2025-07-28T12:44:30.180992+00:00 [running]> on host 6ed405011aee
[2025-07-28T12:45:33.474+0000] {taskinstance.py:2480} INFO - Exporting env vars: AIRFLOW_CTX_DAG_OWNER='gotphoto' AIRFLOW_CTX_DAG_ID='dbt_pipeline' AIRFLOW_CTX_TASK_ID='dbt_build_intermediate' AIRFLOW_CTX_EXECUTION_DATE='2025-07-28T12:44:30.180992+00:00' AIRFLOW_CTX_TRY_NUMBER='1' AIRFLOW_CTX_DAG_RUN_ID='manual__2025-07-28T12:44:30.180992+00:00'
[2025-07-28T12:45:33.475+0000] {subprocess.py:63} INFO - Tmp dir root location: /tmp
[2025-07-28T12:45:33.475+0000] {subprocess.py:75} INFO - Running command: ['/usr/bin/bash', '-c', 'cd /opt/***/dbt_project && dbt build --select intermediate --project-dir . --profiles-dir profiles']
[2025-07-28T12:45:33.479+0000] {subprocess.py:86} INFO - Output:
[2025-07-28T12:45:33.996+0000] {subprocess.py:93} INFO - [0m12:45:33  Running with dbt=1.8.7
[2025-07-28T12:45:34.347+0000] {subprocess.py:93} INFO - [0m12:45:34  Registered adapter: snowflake=1.8.4
[2025-07-28T12:45:34.618+0000] {subprocess.py:93} INFO - [0m12:45:34  Found 27 models, 124 data tests, 8 sources, 569 macros
[2025-07-28T12:45:34.621+0000] {subprocess.py:93} INFO - [0m12:45:34
[2025-07-28T12:45:38.128+0000] {subprocess.py:93} INFO - [0m12:45:38  Concurrency: 1 threads (target='dev')
[2025-07-28T12:45:38.130+0000] {subprocess.py:93} INFO - [0m12:45:38
[2025-07-28T12:45:38.133+0000] {subprocess.py:93} INFO - [0m12:45:38  1 of 8 START sql table model INTERMEDIATE.int_customer_geo ..................... [RUN]
[2025-07-28T12:45:40.305+0000] {subprocess.py:93} INFO - [0m12:45:40  1 of 8 OK created sql table model INTERMEDIATE.int_customer_geo ................ [[32mSUCCESS 1[0m in 2.17s]
[2025-07-28T12:45:40.307+0000] {subprocess.py:93} INFO - [0m12:45:40  2 of 8 START sql table model INTERMEDIATE.int_lineitem_orders .................. [RUN]
[2025-07-28T12:45:45.950+0000] {subprocess.py:93} INFO - [0m12:45:45  2 of 8 OK created sql table model INTERMEDIATE.int_lineitem_orders ............. [[32mSUCCESS 1[0m in 5.64s]
[2025-07-28T12:45:45.952+0000] {subprocess.py:93} INFO - [0m12:45:45  3 of 8 START sql table model INTERMEDIATE.int_product_supplier_cost ............ [RUN]
[2025-07-28T12:45:48.493+0000] {subprocess.py:93} INFO - [0m12:45:48  3 of 8 OK created sql table model INTERMEDIATE.int_product_supplier_cost ....... [[32mSUCCESS 1[0m in 2.54s]
[2025-07-28T12:45:48.495+0000] {subprocess.py:93} INFO - [0m12:45:48  4 of 8 START test unique_int_customer_geo_customer_key ......................... [RUN]
[2025-07-28T12:45:49.164+0000] {subprocess.py:93} INFO - [0m12:45:49  4 of 8 PASS unique_int_customer_geo_customer_key ............................... [[32mPASS[0m in 0.67s]
[2025-07-28T12:45:49.167+0000] {subprocess.py:93} INFO - [0m12:45:49  5 of 8 START test dbt_utils_unique_combination_of_columns_int_lineitem_orders_order_key__line_number  [RUN]
[2025-07-28T12:45:50.048+0000] {subprocess.py:93} INFO - [0m12:45:50  5 of 8 PASS dbt_utils_unique_combination_of_columns_int_lineitem_orders_order_key__line_number  [[32mPASS[0m in 0.88s]
[2025-07-28T12:45:50.051+0000] {subprocess.py:93} INFO - [0m12:45:50  6 of 8 START test dbt_utils_unique_combination_of_columns_int_product_supplier_cost_part_key__supplier_key  [RUN]
[2025-07-28T12:45:50.814+0000] {subprocess.py:93} INFO - [0m12:45:50  6 of 8 PASS dbt_utils_unique_combination_of_columns_int_product_supplier_cost_part_key__supplier_key  [[32mPASS[0m in 0.76s]
[2025-07-28T12:45:50.816+0000] {subprocess.py:93} INFO - [0m12:45:50  7 of 8 START sql table model INTERMEDIATE.int_line_pricing_calcs ............... [RUN]
[2025-07-28T12:45:54.006+0000] {subprocess.py:93} INFO - [0m12:45:54  7 of 8 OK created sql table model INTERMEDIATE.int_line_pricing_calcs .......... [[32mSUCCESS 1[0m in 3.19s]
[2025-07-28T12:45:54.009+0000] {subprocess.py:93} INFO - [0m12:45:54  8 of 8 START test dbt_utils_unique_combination_of_columns_int_line_pricing_calcs_order_key__line_number  [RUN]
[2025-07-28T12:45:54.918+0000] {subprocess.py:93} INFO - [0m12:45:54  8 of 8 PASS dbt_utils_unique_combination_of_columns_int_line_pricing_calcs_order_key__line_number  [[32mPASS[0m in 0.91s]
[2025-07-28T12:45:54.922+0000] {subprocess.py:93} INFO - [0m12:45:54
[2025-07-28T12:45:54.922+0000] {subprocess.py:93} INFO - [0m12:45:54  Finished running 4 table models, 4 data tests in 0 hours 0 minutes and 20.30 seconds (20.30s).
[2025-07-28T12:45:54.983+0000] {subprocess.py:93} INFO - [0m12:45:54
[2025-07-28T12:45:54.984+0000] {subprocess.py:93} INFO - [0m12:45:54  [32mCompleted successfully[0m
[2025-07-28T12:45:54.984+0000] {subprocess.py:93} INFO - [0m12:45:54
[2025-07-28T12:45:54.984+0000] {subprocess.py:93} INFO - [0m12:45:54  Done. PASS=8 WARN=0 ERROR=0 SKIP=0 TOTAL=8
[2025-07-28T12:45:55.695+0000] {subprocess.py:97} INFO - Command exited with return code 0
[2025-07-28T12:45:55.706+0000] {taskinstance.py:1138} INFO - Marking task as SUCCESS. dag_id=dbt_pipeline, task_id=dbt_build_intermediate, execution_date=20250728T124430, start_date=20250728T124533, end_date=20250728T124555
[2025-07-28T12:45:55.745+0000] {local_task_job_runner.py:234} INFO - Task exited with return code 0
[2025-07-28T12:45:55.757+0000] {taskinstance.py:3280} INFO - 1 downstream tasks scheduled from follow-on schedule check
