[2025-07-28T12:40:31.471+0000] {taskinstance.py:1956} INFO - Dependencies all met for dep_context=non-requeueable deps ti=<TaskInstance: dbt_pipeline.dbt_build_order_mart scheduled__2025-07-27T00:00:00+00:00 [queued]>
[2025-07-28T12:40:31.476+0000] {taskinstance.py:1956} INFO - Dependencies all met for dep_context=requeueable deps ti=<TaskInstance: dbt_pipeline.dbt_build_order_mart scheduled__2025-07-27T00:00:00+00:00 [queued]>
[2025-07-28T12:40:31.476+0000] {taskinstance.py:2170} INFO - Starting attempt 1 of 2
[2025-07-28T12:40:31.484+0000] {taskinstance.py:2191} INFO - Executing <Task(BashOperator): dbt_build_order_mart> on 2025-07-27 00:00:00+00:00
[2025-07-28T12:40:31.487+0000] {standard_task_runner.py:60} INFO - Started process 430 to run task
[2025-07-28T12:40:31.489+0000] {standard_task_runner.py:87} INFO - Running: ['***', 'tasks', 'run', 'dbt_pipeline', 'dbt_build_order_mart', 'scheduled__2025-07-27T00:00:00+00:00', '--job-id', '33', '--raw', '--subdir', 'DAGS_FOLDER/dbt_pipeline.py', '--cfg-path', '/tmp/tmppsll5hzk']
[2025-07-28T12:40:31.491+0000] {standard_task_runner.py:88} INFO - Job 33: Subtask dbt_build_order_mart
[2025-07-28T12:40:31.499+0000] {warnings.py:109} WARNING - /home/***/.local/lib/python3.8/site-packages/***/settings.py:194: DeprecationWarning: The sql_alchemy_conn option in [core] has been moved to the sql_alchemy_conn option in [database] - the old setting has been used, but please update your config.
  SQL_ALCHEMY_CONN = conf.get("database", "SQL_ALCHEMY_CONN")

[2025-07-28T12:40:31.523+0000] {task_command.py:423} INFO - Running <TaskInstance: dbt_pipeline.dbt_build_order_mart scheduled__2025-07-27T00:00:00+00:00 [running]> on host 26b399183f28
[2025-07-28T12:40:31.558+0000] {taskinstance.py:2480} INFO - Exporting env vars: AIRFLOW_CTX_DAG_OWNER='gotphoto' AIRFLOW_CTX_DAG_ID='dbt_pipeline' AIRFLOW_CTX_TASK_ID='dbt_build_order_mart' AIRFLOW_CTX_EXECUTION_DATE='2025-07-27T00:00:00+00:00' AIRFLOW_CTX_TRY_NUMBER='1' AIRFLOW_CTX_DAG_RUN_ID='scheduled__2025-07-27T00:00:00+00:00'
[2025-07-28T12:40:31.562+0000] {subprocess.py:63} INFO - Tmp dir root location: /tmp
[2025-07-28T12:40:31.563+0000] {subprocess.py:75} INFO - Running command: ['/usr/bin/bash', '-c', 'cd /opt/***/dbt_project && dbt build --select marts.order_performance --project-dir . --profiles-dir profiles']
[2025-07-28T12:40:31.568+0000] {subprocess.py:86} INFO - Output:
[2025-07-28T12:41:18.636+0000] {subprocess.py:93} INFO - [0m12:41:18  Running with dbt=1.8.7
[2025-07-28T12:41:19.471+0000] {subprocess.py:93} INFO - [0m12:41:19  Registered adapter: snowflake=1.8.4
[2025-07-28T12:41:19.936+0000] {subprocess.py:93} INFO - [0m12:41:19  Found 27 models, 124 data tests, 8 sources, 569 macros
[2025-07-28T12:41:19.939+0000] {subprocess.py:93} INFO - [0m12:41:19
[2025-07-28T12:41:24.089+0000] {subprocess.py:93} INFO - [0m12:41:24  Concurrency: 1 threads (target='dev')
[2025-07-28T12:41:24.091+0000] {subprocess.py:93} INFO - [0m12:41:24
[2025-07-28T12:41:24.093+0000] {subprocess.py:93} INFO - [0m12:41:24  1 of 12 START sql table model ORDER_PERFORMANCE_MART.fact_order_fulfillment .... [RUN]
[2025-07-28T12:42:12.104+0000] {subprocess.py:93} INFO - [0m12:42:12  1 of 12 OK created sql table model ORDER_PERFORMANCE_MART.fact_order_fulfillment  [[32mSUCCESS 1[0m in 48.01s]
[2025-07-28T12:42:12.106+0000] {subprocess.py:93} INFO - [0m12:42:12  2 of 12 START sql table model ORDER_PERFORMANCE_MART.fact_order_summary ........ [RUN]
[2025-07-28T12:42:28.988+0000] {subprocess.py:93} INFO - [0m12:42:28  2 of 12 OK created sql table model ORDER_PERFORMANCE_MART.fact_order_summary ... [[32mSUCCESS 1[0m in 16.88s]
[2025-07-28T12:42:28.989+0000] {subprocess.py:93} INFO - [0m12:42:28  3 of 12 START test dbt_utils_unique_combination_of_columns_fact_order_fulfillment_order_key__line_number  [RUN]
[2025-07-28T12:42:29.821+0000] {subprocess.py:93} INFO - [0m12:42:29  3 of 12 PASS dbt_utils_unique_combination_of_columns_fact_order_fulfillment_order_key__line_number  [[32mPASS[0m in 0.83s]
[2025-07-28T12:42:29.822+0000] {subprocess.py:93} INFO - [0m12:42:29  4 of 12 START test not_null_fact_order_fulfillment_line_number ................. [RUN]
[2025-07-28T12:42:30.490+0000] {subprocess.py:93} INFO - [0m12:42:30  4 of 12 PASS not_null_fact_order_fulfillment_line_number ....................... [[32mPASS[0m in 0.67s]
[2025-07-28T12:42:30.491+0000] {subprocess.py:93} INFO - [0m12:42:30  5 of 12 START test not_null_fact_order_fulfillment_order_fulfillment_fact_key .. [RUN]
[2025-07-28T12:42:31.385+0000] {subprocess.py:93} INFO - [0m12:42:31  5 of 12 PASS not_null_fact_order_fulfillment_order_fulfillment_fact_key ........ [[32mPASS[0m in 0.89s]
[2025-07-28T12:42:31.387+0000] {subprocess.py:93} INFO - [0m12:42:31  6 of 12 START test not_null_fact_order_fulfillment_order_key ................... [RUN]
[2025-07-28T12:42:32.059+0000] {subprocess.py:93} INFO - [0m12:42:32  6 of 12 PASS not_null_fact_order_fulfillment_order_key ......................... [[32mPASS[0m in 0.67s]
[2025-07-28T12:42:32.061+0000] {subprocess.py:93} INFO - [0m12:42:32  7 of 12 START test unique_fact_order_fulfillment_order_fulfillment_fact_key .... [RUN]
[2025-07-28T12:42:32.864+0000] {subprocess.py:93} INFO - [0m12:42:32  7 of 12 PASS unique_fact_order_fulfillment_order_fulfillment_fact_key .......... [[32mPASS[0m in 0.80s]
[2025-07-28T12:42:32.866+0000] {subprocess.py:93} INFO - [0m12:42:32  8 of 12 START test not_null_fact_order_summary_customer_key .................... [RUN]
[2025-07-28T12:42:33.545+0000] {subprocess.py:93} INFO - [0m12:42:33  8 of 12 PASS not_null_fact_order_summary_customer_key .......................... [[32mPASS[0m in 0.68s]
[2025-07-28T12:42:33.548+0000] {subprocess.py:93} INFO - [0m12:42:33  9 of 12 START test not_null_fact_order_summary_order_key ....................... [RUN]
[2025-07-28T12:42:34.244+0000] {subprocess.py:93} INFO - [0m12:42:34  9 of 12 PASS not_null_fact_order_summary_order_key ............................. [[32mPASS[0m in 0.69s]
[2025-07-28T12:42:34.247+0000] {subprocess.py:93} INFO - [0m12:42:34  10 of 12 START test not_null_fact_order_summary_order_summary_fact_key ......... [RUN]
[2025-07-28T12:42:34.978+0000] {subprocess.py:93} INFO - [0m12:42:34  10 of 12 PASS not_null_fact_order_summary_order_summary_fact_key ............... [[32mPASS[0m in 0.73s]
[2025-07-28T12:42:34.980+0000] {subprocess.py:93} INFO - [0m12:42:34  11 of 12 START test unique_fact_order_summary_order_key ........................ [RUN]
[2025-07-28T12:42:36.130+0000] {subprocess.py:93} INFO - [0m12:42:36  11 of 12 PASS unique_fact_order_summary_order_key .............................. [[32mPASS[0m in 1.15s]
[2025-07-28T12:42:36.133+0000] {subprocess.py:93} INFO - [0m12:42:36  12 of 12 START test unique_fact_order_summary_order_summary_fact_key ........... [RUN]
[2025-07-28T12:42:36.996+0000] {subprocess.py:93} INFO - [0m12:42:36  12 of 12 PASS unique_fact_order_summary_order_summary_fact_key ................. [[32mPASS[0m in 0.86s]
[2025-07-28T12:42:37.000+0000] {subprocess.py:93} INFO - [0m12:42:37
[2025-07-28T12:42:37.001+0000] {subprocess.py:93} INFO - [0m12:42:37  Finished running 2 table models, 10 data tests in 0 hours 1 minutes and 17.06 seconds (77.06s).
[2025-07-28T12:42:37.081+0000] {subprocess.py:93} INFO - [0m12:42:37
[2025-07-28T12:42:37.082+0000] {subprocess.py:93} INFO - [0m12:42:37  [32mCompleted successfully[0m
[2025-07-28T12:42:37.082+0000] {subprocess.py:93} INFO - [0m12:42:37
[2025-07-28T12:42:37.082+0000] {subprocess.py:93} INFO - [0m12:42:37  Done. PASS=12 WARN=0 ERROR=0 SKIP=0 TOTAL=12
[2025-07-28T12:42:37.754+0000] {subprocess.py:97} INFO - Command exited with return code 0
[2025-07-28T12:42:37.765+0000] {taskinstance.py:1138} INFO - Marking task as SUCCESS. dag_id=dbt_pipeline, task_id=dbt_build_order_mart, execution_date=20250727T000000, start_date=20250728T124031, end_date=20250728T124237
[2025-07-28T12:42:37.804+0000] {local_task_job_runner.py:234} INFO - Task exited with return code 0
[2025-07-28T12:42:37.811+0000] {taskinstance.py:3280} INFO - 0 downstream tasks scheduled from follow-on schedule check
