[2025-07-28T12:46:24.250+0000] {taskinstance.py:1956} INFO - Dependencies all met for dep_context=non-requeueable deps ti=<TaskInstance: dbt_pipeline.dbt_build_revenue_mart manual__2025-07-28T12:44:30.180992+00:00 [queued]>
[2025-07-28T12:46:24.256+0000] {taskinstance.py:1956} INFO - Dependencies all met for dep_context=requeueable deps ti=<TaskInstance: dbt_pipeline.dbt_build_revenue_mart manual__2025-07-28T12:44:30.180992+00:00 [queued]>
[2025-07-28T12:46:24.256+0000] {taskinstance.py:2170} INFO - Starting attempt 1 of 2
[2025-07-28T12:46:24.262+0000] {taskinstance.py:2191} INFO - Executing <Task(BashOperator): dbt_build_revenue_mart> on 2025-07-28 12:44:30.180992+00:00
[2025-07-28T12:46:24.264+0000] {standard_task_runner.py:60} INFO - Started process 406 to run task
[2025-07-28T12:46:24.267+0000] {standard_task_runner.py:87} INFO - Running: ['***', 'tasks', 'run', 'dbt_pipeline', 'dbt_build_revenue_mart', 'manual__2025-07-28T12:44:30.180992+00:00', '--job-id', '46', '--raw', '--subdir', 'DAGS_FOLDER/dbt_pipeline.py', '--cfg-path', '/tmp/tmp8m4vmqws']
[2025-07-28T12:46:24.268+0000] {standard_task_runner.py:88} INFO - Job 46: Subtask dbt_build_revenue_mart
[2025-07-28T12:46:24.282+0000] {warnings.py:109} WARNING - /home/***/.local/lib/python3.8/site-packages/***/settings.py:194: DeprecationWarning: The sql_alchemy_conn option in [core] has been moved to the sql_alchemy_conn option in [database] - the old setting has been used, but please update your config.
  SQL_ALCHEMY_CONN = conf.get("database", "SQL_ALCHEMY_CONN")

[2025-07-28T12:46:24.303+0000] {task_command.py:423} INFO - Running <TaskInstance: dbt_pipeline.dbt_build_revenue_mart manual__2025-07-28T12:44:30.180992+00:00 [running]> on host 6ed405011aee
[2025-07-28T12:46:24.354+0000] {taskinstance.py:2480} INFO - Exporting env vars: AIRFLOW_CTX_DAG_OWNER='gotphoto' AIRFLOW_CTX_DAG_ID='dbt_pipeline' AIRFLOW_CTX_TASK_ID='dbt_build_revenue_mart' AIRFLOW_CTX_EXECUTION_DATE='2025-07-28T12:44:30.180992+00:00' AIRFLOW_CTX_TRY_NUMBER='1' AIRFLOW_CTX_DAG_RUN_ID='manual__2025-07-28T12:44:30.180992+00:00'
[2025-07-28T12:46:24.355+0000] {subprocess.py:63} INFO - Tmp dir root location: /tmp
[2025-07-28T12:46:24.355+0000] {subprocess.py:75} INFO - Running command: ['/usr/bin/bash', '-c', 'cd /opt/***/dbt_project && dbt build --select marts.revenue_pricing --project-dir . --profiles-dir profiles']
[2025-07-28T12:46:24.362+0000] {subprocess.py:86} INFO - Output:
[2025-07-28T12:46:25.180+0000] {subprocess.py:93} INFO - [0m12:46:25  Running with dbt=1.8.7
[2025-07-28T12:46:25.769+0000] {subprocess.py:93} INFO - [0m12:46:25  Registered adapter: snowflake=1.8.4
[2025-07-28T12:46:26.168+0000] {subprocess.py:93} INFO - [0m12:46:26  Found 27 models, 124 data tests, 8 sources, 569 macros
[2025-07-28T12:46:26.171+0000] {subprocess.py:93} INFO - [0m12:46:26
[2025-07-28T12:46:29.836+0000] {subprocess.py:93} INFO - [0m12:46:29  Concurrency: 1 threads (target='dev')
[2025-07-28T12:46:29.837+0000] {subprocess.py:93} INFO - [0m12:46:29
[2025-07-28T12:46:29.839+0000] {subprocess.py:93} INFO - [0m12:46:29  1 of 18 START sql table model REVENUE_PRICING_MART.fact_order_lines ............ [RUN]
[2025-07-28T12:46:49.289+0000] {subprocess.py:93} INFO - [0m12:46:49  1 of 18 OK created sql table model REVENUE_PRICING_MART.fact_order_lines ....... [[32mSUCCESS 1[0m in 19.45s]
[2025-07-28T12:46:49.291+0000] {subprocess.py:93} INFO - [0m12:46:49  2 of 18 START sql table model REVENUE_PRICING_MART.fact_pricing_analysis ....... [RUN]
[2025-07-28T12:47:00.865+0000] {subprocess.py:93} INFO - [0m12:47:00  2 of 18 OK created sql table model REVENUE_PRICING_MART.fact_pricing_analysis .. [[32mSUCCESS 1[0m in 11.57s]
[2025-07-28T12:47:00.867+0000] {subprocess.py:93} INFO - [0m12:47:00  3 of 18 START sql table model REVENUE_PRICING_MART.fact_shipping_analysis ...... [RUN]
[2025-07-28T12:47:14.425+0000] {subprocess.py:93} INFO - [0m12:47:14  3 of 18 OK created sql table model REVENUE_PRICING_MART.fact_shipping_analysis . [[32mSUCCESS 1[0m in 13.56s]
[2025-07-28T12:47:14.426+0000] {subprocess.py:93} INFO - [0m12:47:14  4 of 18 START test dbt_utils_unique_combination_of_columns_fact_order_lines_order_key__line_number  [RUN]
[2025-07-28T12:47:15.489+0000] {subprocess.py:93} INFO - [0m12:47:15  4 of 18 PASS dbt_utils_unique_combination_of_columns_fact_order_lines_order_key__line_number  [[32mPASS[0m in 1.06s]
[2025-07-28T12:47:15.490+0000] {subprocess.py:93} INFO - [0m12:47:15  5 of 18 START test not_null_fact_order_lines_line_number ....................... [RUN]
[2025-07-28T12:47:16.181+0000] {subprocess.py:93} INFO - [0m12:47:16  5 of 18 PASS not_null_fact_order_lines_line_number ............................. [[32mPASS[0m in 0.69s]
[2025-07-28T12:47:16.183+0000] {subprocess.py:93} INFO - [0m12:47:16  6 of 18 START test not_null_fact_order_lines_order_fact_key .................... [RUN]
[2025-07-28T12:47:16.767+0000] {subprocess.py:93} INFO - [0m12:47:16  6 of 18 PASS not_null_fact_order_lines_order_fact_key .......................... [[32mPASS[0m in 0.58s]
[2025-07-28T12:47:16.769+0000] {subprocess.py:93} INFO - [0m12:47:16  7 of 18 START test not_null_fact_order_lines_order_key ......................... [RUN]
[2025-07-28T12:47:17.403+0000] {subprocess.py:93} INFO - [0m12:47:17  7 of 18 PASS not_null_fact_order_lines_order_key ............................... [[32mPASS[0m in 0.63s]
[2025-07-28T12:47:17.405+0000] {subprocess.py:93} INFO - [0m12:47:17  8 of 18 START test unique_fact_order_lines_order_fact_key ...................... [RUN]
[2025-07-28T12:47:18.351+0000] {subprocess.py:93} INFO - [0m12:47:18  8 of 18 PASS unique_fact_order_lines_order_fact_key ............................ [[32mPASS[0m in 0.95s]
[2025-07-28T12:47:18.353+0000] {subprocess.py:93} INFO - [0m12:47:18  9 of 18 START test dbt_utils_unique_combination_of_columns_fact_pricing_analysis_order_key__line_number  [RUN]
[2025-07-28T12:47:19.513+0000] {subprocess.py:93} INFO - [0m12:47:19  9 of 18 PASS dbt_utils_unique_combination_of_columns_fact_pricing_analysis_order_key__line_number  [[32mPASS[0m in 1.16s]
[2025-07-28T12:47:19.516+0000] {subprocess.py:93} INFO - [0m12:47:19  10 of 18 START test not_null_fact_pricing_analysis_line_number ................. [RUN]
[2025-07-28T12:47:20.022+0000] {subprocess.py:93} INFO - [0m12:47:20  10 of 18 PASS not_null_fact_pricing_analysis_line_number ....................... [[32mPASS[0m in 0.50s]
[2025-07-28T12:47:20.025+0000] {subprocess.py:93} INFO - [0m12:47:20  11 of 18 START test not_null_fact_pricing_analysis_order_key ................... [RUN]
[2025-07-28T12:47:20.576+0000] {subprocess.py:93} INFO - [0m12:47:20  11 of 18 PASS not_null_fact_pricing_analysis_order_key ......................... [[32mPASS[0m in 0.55s]
[2025-07-28T12:47:20.579+0000] {subprocess.py:93} INFO - [0m12:47:20  12 of 18 START test not_null_fact_pricing_analysis_pricing_fact_key ............ [RUN]
[2025-07-28T12:47:21.023+0000] {subprocess.py:93} INFO - [0m12:47:21  12 of 18 PASS not_null_fact_pricing_analysis_pricing_fact_key .................. [[32mPASS[0m in 0.44s]
[2025-07-28T12:47:21.024+0000] {subprocess.py:93} INFO - [0m12:47:21  13 of 18 START test unique_fact_pricing_analysis_pricing_fact_key .............. [RUN]
[2025-07-28T12:47:21.695+0000] {subprocess.py:93} INFO - [0m12:47:21  13 of 18 PASS unique_fact_pricing_analysis_pricing_fact_key .................... [[32mPASS[0m in 0.67s]
[2025-07-28T12:47:21.697+0000] {subprocess.py:93} INFO - [0m12:47:21  14 of 18 START test dbt_utils_unique_combination_of_columns_fact_shipping_analysis_order_key__line_number  [RUN]
[2025-07-28T12:47:22.643+0000] {subprocess.py:93} INFO - [0m12:47:22  14 of 18 PASS dbt_utils_unique_combination_of_columns_fact_shipping_analysis_order_key__line_number  [[32mPASS[0m in 0.94s]
[2025-07-28T12:47:22.646+0000] {subprocess.py:93} INFO - [0m12:47:22  15 of 18 START test not_null_fact_shipping_analysis_line_number ................ [RUN]
[2025-07-28T12:47:23.167+0000] {subprocess.py:93} INFO - [0m12:47:23  15 of 18 PASS not_null_fact_shipping_analysis_line_number ...................... [[32mPASS[0m in 0.52s]
[2025-07-28T12:47:23.168+0000] {subprocess.py:93} INFO - [0m12:47:23  16 of 18 START test not_null_fact_shipping_analysis_order_key .................. [RUN]
[2025-07-28T12:47:23.722+0000] {subprocess.py:93} INFO - [0m12:47:23  16 of 18 PASS not_null_fact_shipping_analysis_order_key ........................ [[32mPASS[0m in 0.55s]
[2025-07-28T12:47:23.725+0000] {subprocess.py:93} INFO - [0m12:47:23  17 of 18 START test not_null_fact_shipping_analysis_shipping_fact_key .......... [RUN]
[2025-07-28T12:47:24.373+0000] {subprocess.py:93} INFO - [0m12:47:24  17 of 18 PASS not_null_fact_shipping_analysis_shipping_fact_key ................ [[32mPASS[0m in 0.65s]
[2025-07-28T12:47:24.375+0000] {subprocess.py:93} INFO - [0m12:47:24  18 of 18 START test unique_fact_shipping_analysis_shipping_fact_key ............ [RUN]
[2025-07-28T12:47:25.941+0000] {subprocess.py:93} INFO - [0m12:47:25  18 of 18 PASS unique_fact_shipping_analysis_shipping_fact_key .................. [[32mPASS[0m in 1.56s]
[2025-07-28T12:47:25.944+0000] {subprocess.py:93} INFO - [0m12:47:25
[2025-07-28T12:47:25.945+0000] {subprocess.py:93} INFO - [0m12:47:25  Finished running 3 table models, 15 data tests in 0 hours 0 minutes and 59.77 seconds (59.77s).
[2025-07-28T12:47:26.013+0000] {subprocess.py:93} INFO - [0m12:47:26
[2025-07-28T12:47:26.013+0000] {subprocess.py:93} INFO - [0m12:47:26  [32mCompleted successfully[0m
[2025-07-28T12:47:26.013+0000] {subprocess.py:93} INFO - [0m12:47:26
[2025-07-28T12:47:26.013+0000] {subprocess.py:93} INFO - [0m12:47:26  Done. PASS=18 WARN=0 ERROR=0 SKIP=0 TOTAL=18
[2025-07-28T12:47:26.687+0000] {subprocess.py:97} INFO - Command exited with return code 0
[2025-07-28T12:47:26.697+0000] {taskinstance.py:1138} INFO - Marking task as SUCCESS. dag_id=dbt_pipeline, task_id=dbt_build_revenue_mart, execution_date=20250728T124430, start_date=20250728T124624, end_date=20250728T124726
[2025-07-28T12:47:26.710+0000] {local_task_job_runner.py:234} INFO - Task exited with return code 0
[2025-07-28T12:47:26.719+0000] {taskinstance.py:3280} INFO - 0 downstream tasks scheduled from follow-on schedule check
